Using pre-set license
Built from '2022.3/staging' branch; Version is '2022.3.50f1 (c3db7f8bf9b1) revision 12835711'; Using compiler version '192829333'; Build Type 'Release'
OS: 'Windows 11  (10.0.22631) 64bit CoreCountrySpecific' Language: 'zh' Physical Memory: 16121 MB
BatchMode: 1, IsHumanControllingUs: 0, StartBugReporterOnCrash: 0, Is64bit: 1, IsPro: 1

COMMAND LINE ARGUMENTS:
C:\Program Files (x86)\Unity Hub\Editor\2022.3.50f1\Editor\Unity.exe
-adb2
-batchMode
-noUpm
-name
AssetImportWorker7
-projectPath
D:/projects/unity/asm_project1
-logFile
Logs/AssetImportWorker7.log
-srvPort
62537
Successfully changed project path to: D:/projects/unity/asm_project1
D:/projects/unity/asm_project1
[UnityMemory] Configuration Parameters - Can be set up in boot.config
    "memorysetup-bucket-allocator-granularity=16"
    "memorysetup-bucket-allocator-bucket-count=8"
    "memorysetup-bucket-allocator-block-size=33554432"
    "memorysetup-bucket-allocator-block-count=8"
    "memorysetup-main-allocator-block-size=16777216"
    "memorysetup-thread-allocator-block-size=16777216"
    "memorysetup-gfx-main-allocator-block-size=16777216"
    "memorysetup-gfx-thread-allocator-block-size=16777216"
    "memorysetup-cache-allocator-block-size=4194304"
    "memorysetup-typetree-allocator-block-size=2097152"
    "memorysetup-profiler-bucket-allocator-granularity=16"
    "memorysetup-profiler-bucket-allocator-bucket-count=8"
    "memorysetup-profiler-bucket-allocator-block-size=33554432"
    "memorysetup-profiler-bucket-allocator-block-count=8"
    "memorysetup-profiler-allocator-block-size=16777216"
    "memorysetup-profiler-editor-allocator-block-size=1048576"
    "memorysetup-temp-allocator-size-main=16777216"
    "memorysetup-job-temp-allocator-block-size=2097152"
    "memorysetup-job-temp-allocator-block-size-background=1048576"
    "memorysetup-job-temp-allocator-reduction-small-platforms=262144"
    "memorysetup-allocator-temp-initial-block-size-main=262144"
    "memorysetup-allocator-temp-initial-block-size-worker=262144"
    "memorysetup-temp-allocator-size-background-worker=32768"
    "memorysetup-temp-allocator-size-job-worker=262144"
    "memorysetup-temp-allocator-size-preload-manager=33554432"
    "memorysetup-temp-allocator-size-nav-mesh-worker=65536"
    "memorysetup-temp-allocator-size-audio-worker=65536"
    "memorysetup-temp-allocator-size-cloud-worker=32768"
    "memorysetup-temp-allocator-size-gi-baking-worker=262144"
    "memorysetup-temp-allocator-size-gfx=262144"
Player connection [61132]  Target information:

Player connection [61132]  * "[IP] 10.2.68.147 [Port] 0 [Flags] 2 [Guid] 2283315974 [EditorId] 2283315974 [Version] 1048832 [Id] WindowsEditor(7,DESKTOP-CQL11RT) [Debug] 1 [PackageName] WindowsEditor [ProjectName] Editor" 

Player connection [61132] Host joined multi-casting on [225.0.0.222:54997]...
Player connection [61132] Host joined alternative multi-casting on [225.0.0.222:34997]...
[PhysX] Initialized MultithreadedTaskDispatcher with 32 workers.
Refreshing native plugins compatible for Editor in 14.45 ms, found 3 plugins.
Preloading 0 native plugins for Editor in 0.00 ms.
Initialize engine version: 2022.3.50f1 (c3db7f8bf9b1)
[Subsystems] Discovering subsystems at path C:/Program Files (x86)/Unity Hub/Editor/2022.3.50f1/Editor/Data/Resources/UnitySubsystems
[Subsystems] Discovering subsystems at path D:/projects/unity/asm_project1/Assets
GfxDevice: creating device client; threaded=0; jobified=0
Direct3D:
    Version:  Direct3D 11.0 [level 11.1]
    Renderer: NVIDIA GeForce RTX 4060 Laptop GPU (ID=0x28a0)
    Vendor:   NVIDIA
    VRAM:     7957 MB
    Driver:   31.0.15.5212
Initialize mono
Mono path[0] = 'C:/Program Files (x86)/Unity Hub/Editor/2022.3.50f1/Editor/Data/Managed'
Mono path[1] = 'C:/Program Files (x86)/Unity Hub/Editor/2022.3.50f1/Editor/Data/MonoBleedingEdge/lib/mono/unityjit-win32'
Mono config path = 'C:/Program Files (x86)/Unity Hub/Editor/2022.3.50f1/Editor/Data/MonoBleedingEdge/etc'
Using monoOptions --debugger-agent=transport=dt_socket,embedding=1,server=y,suspend=n,address=127.0.0.1:56840
Begin MonoManager ReloadAssembly
Registering precompiled unity dll's ...
Register platform support module: C:/Program Files (x86)/Unity Hub/Editor/2022.3.50f1/Editor/Data/PlaybackEngines/WebGLSupport/UnityEditor.WebGL.Extensions.dll
Register platform support module: C:/Program Files (x86)/Unity Hub/Editor/2022.3.50f1/Editor/Data/PlaybackEngines/WindowsStandaloneSupport/UnityEditor.WindowsStandalone.Extensions.dll
Registered in 0.003343 seconds.
- Loaded All Assemblies, in  0.256 seconds
Native extension for WindowsStandalone target not found
Native extension for WebGL target not found
Mono: successfully reloaded assembly
- Finished resetting the current domain, in  0.170 seconds
Domain Reload Profiling: 425ms
	BeginReloadAssembly (97ms)
		ExecutionOrderSort (0ms)
		DisableScriptedObjects (0ms)
		BackupInstance (0ms)
		ReleaseScriptingObjects (0ms)
		CreateAndSetChildDomain (1ms)
	RebuildCommonClasses (21ms)
	RebuildNativeTypeToScriptingClass (7ms)
	initialDomainReloadingComplete (34ms)
	LoadAllAssembliesAndSetupDomain (97ms)
		LoadAssemblies (97ms)
		RebuildTransferFunctionScriptingTraits (0ms)
		AnalyzeDomain (95ms)
			TypeCache.Refresh (94ms)
				TypeCache.ScanAssembly (85ms)
			ScanForSourceGeneratedMonoScriptInfo (0ms)
			ResolveRequiredComponents (0ms)
	FinalizeReload (170ms)
		ReleaseScriptCaches (0ms)
		RebuildScriptCaches (0ms)
		SetupLoadedEditorAssemblies (139ms)
			LogAssemblyErrors (0ms)
			InitializePlatformSupportModulesInManaged (6ms)
			SetLoadedEditorAssemblies (4ms)
			RefreshPlugins (0ms)
			BeforeProcessingInitializeOnLoad (1ms)
			ProcessInitializeOnLoadAttributes (97ms)
			ProcessInitializeOnLoadMethodAttributes (31ms)
			AfterProcessingInitializeOnLoad (0ms)
			EditorAssembliesLoaded (0ms)
		ExecutionOrderSort2 (0ms)
		AwakeInstancesAfterBackupRestoration (0ms)
========================================================================
Worker process is ready to serve import requests
Caller must complete domain reload
Begin MonoManager ReloadAssembly
- Loaded All Assemblies, in  0.515 seconds
Native extension for WindowsStandalone target not found
Native extension for WebGL target not found
Package Manager log level set to [2]
[Package Manager] Server::EnsureServerProcessIsRunning -- launch failed, reason: Unity was launched with the -noUpm command-line argument
[Package Manager] UpmClient::Send -- Unable to send message (not connected to UPM process).
[Package Manager] Cannot connect to Unity Package Manager local server
Mono: successfully reloaded assembly
- Finished resetting the current domain, in  0.452 seconds
Domain Reload Profiling: 966ms
	BeginReloadAssembly (95ms)
		ExecutionOrderSort (0ms)
		DisableScriptedObjects (3ms)
		BackupInstance (0ms)
		ReleaseScriptingObjects (0ms)
		CreateAndSetChildDomain (17ms)
	RebuildCommonClasses (20ms)
	RebuildNativeTypeToScriptingClass (6ms)
	initialDomainReloadingComplete (46ms)
	LoadAllAssembliesAndSetupDomain (347ms)
		LoadAssemblies (273ms)
		RebuildTransferFunctionScriptingTraits (0ms)
		AnalyzeDomain (129ms)
			TypeCache.Refresh (112ms)
				TypeCache.ScanAssembly (99ms)
			ScanForSourceGeneratedMonoScriptInfo (12ms)
			ResolveRequiredComponents (4ms)
	FinalizeReload (453ms)
		ReleaseScriptCaches (0ms)
		RebuildScriptCaches (0ms)
		SetupLoadedEditorAssemblies (365ms)
			LogAssemblyErrors (0ms)
			InitializePlatformSupportModulesInManaged (4ms)
			SetLoadedEditorAssemblies (2ms)
			RefreshPlugins (0ms)
			BeforeProcessingInitializeOnLoad (37ms)
			ProcessInitializeOnLoadAttributes (305ms)
			ProcessInitializeOnLoadMethodAttributes (14ms)
			AfterProcessingInitializeOnLoad (3ms)
			EditorAssembliesLoaded (0ms)
		ExecutionOrderSort2 (0ms)
		AwakeInstancesAfterBackupRestoration (4ms)
Launched and connected shader compiler UnityShaderCompiler.exe after 0.06 seconds
Refreshing native plugins compatible for Editor in 1.69 ms, found 3 plugins.
Preloading 0 native plugins for Editor in 0.00 ms.
Unloading 3698 Unused Serialized files (Serialized files now loaded: 0)
Unloading 37 unused Assets / (130.3 KB). Loaded Objects now: 4167.
Memory consumption went from 137.7 MB to 137.6 MB.
Total: 3.073800 ms (FindLiveObjects: 0.254900 ms CreateObjectMapping: 0.057000 ms MarkObjects: 2.677000 ms  DeleteObjects: 0.084000 ms)

AssetImportParameters requested are different than current active one (requested -> active):
  custom:scripting/monoscript/fileName/SketchfabBrowserManager.cs: 3a3500ade241f197f176172bbd6c2298 -> 58045900bcc0ea9411b0a211696ee59b
  custom:scripting/monoscript/fileName/SketchfabImporter.cs: aced4ec5d355e9bf44c9b4efee9a6b26 -> 9e76ddd789c0c8770617987be20c09cd
  custom:container-demuxer-ogg: 62fdf1f143b41e24485cea50d1cbac27 -> 
  custom:video-codec-MediaFoundation-h265: 746d11721c4dcdbdad8f713fa42b33f4 -> 
  custom:video-decoder-ogg-theora: a1e56fd34408186e4bbccfd4996cb3dc -> 
  custom:scripting/monoscript/fileName/SketchfabImporterWindow.cs: a1111a8d8ba16649668666546449cf3f -> e033d49dd18bd7acecc9a08cbd5e7f64
  custom:scripting/monoscript/fileName/SketchfabApi.cs: 8b7c3f7c6cf17f6decedf77d8f970842 -> d8e25357dbae427805b6693cb23d7b96
  custom:framework-win-MediaFoundation: 216162199b28c13a410421893ffa2e32 -> 
  custom:scripting/monoscript/fileName/Resizer.cs: 1d4b77bbfdbeda3e2b9e62bc1209c924 -> 0d8c9844c44a9da009572f975ba7f40b
  custom:scripting/monoscript/fileName/move_iceberg.cs: 1c523457f0ca469a2f1533fd532025a2 -> 6c4276b0003c31e29ffeaf99cef1cc57
  custom:CustomObjectIndexerAttribute: 9a22284fe3817be447336de3de66b15e -> 
  custom:scripting/monoscript/fileName/SketchfabExporter.cs: 8e8801c81dd390acdb380b6395bc0ba3 -> 193dea1e6554dc5211188980f689acec
  custom:container-demuxer-webm: 4f35f7cbe854078d1ac9338744f61a02 -> 
  custom:scripting/monoscript/fileName/SketchfabModelWindow.cs: 4dc5849476514b01465137f1507f3eeb -> 12e26065952d174d5eab2da2c013d2e1
  custom:scripting/monoscript/fileName/icebergMove.cs: 6c4276b0003c31e29ffeaf99cef1cc57 -> 
  custom:container-muxer-webm: aa71ff27fc2769a1b78a27578f13a17b -> 
  custom:scripting/monoscript/fileName/SketchfabBrowserWindow.cs: c1898a6cd8dd440157cdd96cbbc57313 -> 758c656e608d3a2525b8440f4f2d0726
  custom:video-decoder-webm-vp8: 9c59270c3fd7afecdb556c50c9e8de78 -> 
  custom:SearchIndexIgnoredProperties: e643bd26f0fe6173181afceb89e7c659 -> 
  custom:AudioImporter_EditorPlatform: d09bf68614088b80899f8185d706f6e7 -> 
  custom:scripting/monoscript/fileName/SketchfabLogger.cs: 7105fafd508cda11b6a8f7034e1b3034 -> 7b6cca873491cd3a233deb85e4c0bc15
  custom:scripting/monoscript/fileName/Mainmenu.cs: 2f60e6d990560711ad781ddee9464730 -> acc109f9c9e710534379d56419b0ad46
  custom:video-encoder-webm-vp8: eb34c28f22e8b96e1ab97ce403110664 -> 
  custom:audio-decoder-ogg-vorbis: bf7c407c2cedff20999df2af8eb42d56 -> 
  custom:scripting/monoscript/fileName/SketchfabPlugin.cs: a33b669981ba467355c5da931cd84a2b -> 516f7c272b96363c033bc17962f26f4d
  custom:scripting/monoscript/fileName/sceneload.cs: 5ce9fb469a60c722e148f37800208389 -> 5c0816849d186432ffce5e360c37577f
  custom:scripting/monoscript/fileName/SketchfabUI.cs: 93703fa15254b9bc36851978aeb13d47 -> 713424e062a40db4ff9f340a54a3f75d
  custom:audio-encoder-webm-vorbis: bf7c407c2cedff20999df2af8eb42d56 -> 
  custom:scripting/monoscript/fileName/Optionpopup.cs: 5daa7b9d4e54041591cf9ca9bbb5f701 -> 
========================================================================
Received Prepare
Caller must complete domain reload
Begin MonoManager ReloadAssembly
- Loaded All Assemblies, in  0.363 seconds
Native extension for WindowsStandalone target not found
Native extension for WebGL target not found
[Package Manager] Server::EnsureServerProcessIsRunning -- launch failed, reason: Unity was launched with the -noUpm command-line argument
[Package Manager] UpmClient::Send -- Unable to send message (not connected to UPM process).
[Package Manager] Cannot connect to Unity Package Manager local server
Mono: successfully reloaded assembly
- Finished resetting the current domain, in  0.812 seconds
Domain Reload Profiling: 1174ms
	BeginReloadAssembly (113ms)
		ExecutionOrderSort (0ms)
		DisableScriptedObjects (3ms)
		BackupInstance (0ms)
		ReleaseScriptingObjects (0ms)
		CreateAndSetChildDomain (25ms)
	RebuildCommonClasses (19ms)
	RebuildNativeTypeToScriptingClass (7ms)
	initialDomainReloadingComplete (38ms)
	LoadAllAssembliesAndSetupDomain (184ms)
		LoadAssemblies (235ms)
		RebuildTransferFunctionScriptingTraits (0ms)
		AnalyzeDomain (10ms)
			TypeCache.Refresh (5ms)
				TypeCache.ScanAssembly (0ms)
			ScanForSourceGeneratedMonoScriptInfo (0ms)
			ResolveRequiredComponents (4ms)
	FinalizeReload (812ms)
		ReleaseScriptCaches (0ms)
		RebuildScriptCaches (0ms)
		SetupLoadedEditorAssemblies (338ms)
			LogAssemblyErrors (0ms)
			InitializePlatformSupportModulesInManaged (4ms)
			SetLoadedEditorAssemblies (2ms)
			RefreshPlugins (0ms)
			BeforeProcessingInitializeOnLoad (35ms)
			ProcessInitializeOnLoadAttributes (281ms)
			ProcessInitializeOnLoadMethodAttributes (11ms)
			AfterProcessingInitializeOnLoad (4ms)
			EditorAssembliesLoaded (0ms)
		ExecutionOrderSort2 (0ms)
		AwakeInstancesAfterBackupRestoration (3ms)
Refreshing native plugins compatible for Editor in 2.37 ms, found 3 plugins.
Preloading 0 native plugins for Editor in 0.00 ms.
Unloading 3675 Unused Serialized files (Serialized files now loaded: 0)
Unloading 18 unused Assets / (101.3 KB). Loaded Objects now: 4183.
Memory consumption went from 132.9 MB to 132.8 MB.
Total: 2.740800 ms (FindLiveObjects: 0.291100 ms CreateObjectMapping: 0.068700 ms MarkObjects: 2.324900 ms  DeleteObjects: 0.055300 ms)

Prepare: number of updated asset objects reloaded= 0
AssetImportParameters requested are different than current active one (requested -> active):
  custom:scripting/monoscript/fileName/SketchfabBrowserManager.cs: 3a3500ade241f197f176172bbd6c2298 -> 58045900bcc0ea9411b0a211696ee59b
  custom:scripting/monoscript/fileName/SketchfabImporter.cs: aced4ec5d355e9bf44c9b4efee9a6b26 -> 9e76ddd789c0c8770617987be20c09cd
  custom:container-demuxer-ogg: 62fdf1f143b41e24485cea50d1cbac27 -> 
  custom:video-codec-MediaFoundation-h265: 746d11721c4dcdbdad8f713fa42b33f4 -> 
  custom:video-decoder-ogg-theora: a1e56fd34408186e4bbccfd4996cb3dc -> 
  custom:scripting/monoscript/fileName/SketchfabImporterWindow.cs: a1111a8d8ba16649668666546449cf3f -> e033d49dd18bd7acecc9a08cbd5e7f64
  custom:scripting/monoscript/fileName/SketchfabApi.cs: 8b7c3f7c6cf17f6decedf77d8f970842 -> d8e25357dbae427805b6693cb23d7b96
  custom:framework-win-MediaFoundation: 216162199b28c13a410421893ffa2e32 -> 
  custom:scripting/monoscript/fileName/Resizer.cs: 1d4b77bbfdbeda3e2b9e62bc1209c924 -> 0d8c9844c44a9da009572f975ba7f40b
  custom:scripting/monoscript/fileName/move_iceberg.cs: 1c523457f0ca469a2f1533fd532025a2 -> 6c4276b0003c31e29ffeaf99cef1cc57
  custom:CustomObjectIndexerAttribute: 9a22284fe3817be447336de3de66b15e -> 
  custom:scripting/monoscript/fileName/SketchfabExporter.cs: 8e8801c81dd390acdb380b6395bc0ba3 -> 193dea1e6554dc5211188980f689acec
  custom:container-demuxer-webm: 4f35f7cbe854078d1ac9338744f61a02 -> 
  custom:scripting/monoscript/fileName/SketchfabModelWindow.cs: 4dc5849476514b01465137f1507f3eeb -> 12e26065952d174d5eab2da2c013d2e1
  custom:scripting/monoscript/fileName/icebergMove.cs: 6c4276b0003c31e29ffeaf99cef1cc57 -> 
  custom:container-muxer-webm: aa71ff27fc2769a1b78a27578f13a17b -> 
  custom:scripting/monoscript/fileName/SketchfabBrowserWindow.cs: c1898a6cd8dd440157cdd96cbbc57313 -> 758c656e608d3a2525b8440f4f2d0726
  custom:video-decoder-webm-vp8: 9c59270c3fd7afecdb556c50c9e8de78 -> 
  custom:SearchIndexIgnoredProperties: e643bd26f0fe6173181afceb89e7c659 -> 
  custom:AudioImporter_EditorPlatform: d09bf68614088b80899f8185d706f6e7 -> 
  custom:scripting/monoscript/fileName/SketchfabLogger.cs: 7105fafd508cda11b6a8f7034e1b3034 -> 7b6cca873491cd3a233deb85e4c0bc15
  custom:scripting/monoscript/fileName/Mainmenu.cs: 2f60e6d990560711ad781ddee9464730 -> acc109f9c9e710534379d56419b0ad46
  custom:video-encoder-webm-vp8: eb34c28f22e8b96e1ab97ce403110664 -> 
  custom:audio-decoder-ogg-vorbis: bf7c407c2cedff20999df2af8eb42d56 -> 
  custom:scripting/monoscript/fileName/SketchfabPlugin.cs: a33b669981ba467355c5da931cd84a2b -> 516f7c272b96363c033bc17962f26f4d
  custom:scripting/monoscript/fileName/sceneload.cs: 5ce9fb469a60c722e148f37800208389 -> 5c0816849d186432ffce5e360c37577f
  custom:scripting/monoscript/fileName/SketchfabUI.cs: 93703fa15254b9bc36851978aeb13d47 -> 713424e062a40db4ff9f340a54a3f75d
  custom:audio-encoder-webm-vorbis: bf7c407c2cedff20999df2af8eb42d56 -> 
  custom:scripting/monoscript/fileName/Optionpopup.cs: 5daa7b9d4e54041591cf9ca9bbb5f701 -> 
========================================================================
Received Prepare
Caller must complete domain reload
Begin MonoManager ReloadAssembly
- Loaded All Assemblies, in  0.614 seconds
Native extension for WindowsStandalone target not found
Native extension for WebGL target not found
[Package Manager] Server::EnsureServerProcessIsRunning -- launch failed, reason: Unity was launched with the -noUpm command-line argument
[Package Manager] UpmClient::Send -- Unable to send message (not connected to UPM process).
[Package Manager] Cannot connect to Unity Package Manager local server
Mono: successfully reloaded assembly
- Finished resetting the current domain, in  1.473 seconds
Domain Reload Profiling: 2087ms
	BeginReloadAssembly (195ms)
		ExecutionOrderSort (0ms)
		DisableScriptedObjects (4ms)
		BackupInstance (0ms)
		ReleaseScriptingObjects (0ms)
		CreateAndSetChildDomain (36ms)
	RebuildCommonClasses (37ms)
	RebuildNativeTypeToScriptingClass (15ms)
	initialDomainReloadingComplete (74ms)
	LoadAllAssembliesAndSetupDomain (290ms)
		LoadAssemblies (391ms)
		RebuildTransferFunctionScriptingTraits (0ms)
		AnalyzeDomain (18ms)
			TypeCache.Refresh (7ms)
				TypeCache.ScanAssembly (0ms)
			ScanForSourceGeneratedMonoScriptInfo (0ms)
			ResolveRequiredComponents (9ms)
	FinalizeReload (1475ms)
		ReleaseScriptCaches (0ms)
		RebuildScriptCaches (0ms)
		SetupLoadedEditorAssemblies (930ms)
			LogAssemblyErrors (0ms)
			InitializePlatformSupportModulesInManaged (16ms)
			SetLoadedEditorAssemblies (6ms)
			RefreshPlugins (0ms)
			BeforeProcessingInitializeOnLoad (72ms)
			ProcessInitializeOnLoadAttributes (764ms)
			ProcessInitializeOnLoadMethodAttributes (58ms)
			AfterProcessingInitializeOnLoad (13ms)
			EditorAssembliesLoaded (1ms)
		ExecutionOrderSort2 (0ms)
		AwakeInstancesAfterBackupRestoration (15ms)
Refreshing native plugins compatible for Editor in 5.53 ms, found 3 plugins.
Preloading 0 native plugins for Editor in 0.00 ms.
Unloading 3674 Unused Serialized files (Serialized files now loaded: 0)
Unloading 18 unused Assets / (101.4 KB). Loaded Objects now: 4198.
Memory consumption went from 132.9 MB to 132.8 MB.
Total: 11.394400 ms (FindLiveObjects: 0.365900 ms CreateObjectMapping: 0.130300 ms MarkObjects: 9.239300 ms  DeleteObjects: 1.656100 ms)

Prepare: number of updated asset objects reloaded= 0
AssetImportParameters requested are different than current active one (requested -> active):
  custom:scripting/monoscript/fileName/SketchfabBrowserManager.cs: 3a3500ade241f197f176172bbd6c2298 -> 58045900bcc0ea9411b0a211696ee59b
  custom:scripting/monoscript/fileName/SketchfabImporter.cs: aced4ec5d355e9bf44c9b4efee9a6b26 -> 9e76ddd789c0c8770617987be20c09cd
  custom:container-demuxer-ogg: 62fdf1f143b41e24485cea50d1cbac27 -> 
  custom:video-codec-MediaFoundation-h265: 746d11721c4dcdbdad8f713fa42b33f4 -> 
  custom:video-decoder-ogg-theora: a1e56fd34408186e4bbccfd4996cb3dc -> 
  custom:scripting/monoscript/fileName/SketchfabImporterWindow.cs: a1111a8d8ba16649668666546449cf3f -> e033d49dd18bd7acecc9a08cbd5e7f64
  custom:scripting/monoscript/fileName/SketchfabApi.cs: 8b7c3f7c6cf17f6decedf77d8f970842 -> d8e25357dbae427805b6693cb23d7b96
  custom:framework-win-MediaFoundation: 216162199b28c13a410421893ffa2e32 -> 
  custom:scripting/monoscript/fileName/Resizer.cs: 1d4b77bbfdbeda3e2b9e62bc1209c924 -> 0d8c9844c44a9da009572f975ba7f40b
  custom:scripting/monoscript/fileName/move_iceberg.cs: 1c523457f0ca469a2f1533fd532025a2 -> 6c4276b0003c31e29ffeaf99cef1cc57
  custom:CustomObjectIndexerAttribute: 9a22284fe3817be447336de3de66b15e -> 
  custom:scripting/monoscript/fileName/SketchfabExporter.cs: 8e8801c81dd390acdb380b6395bc0ba3 -> 193dea1e6554dc5211188980f689acec
  custom:container-demuxer-webm: 4f35f7cbe854078d1ac9338744f61a02 -> 
  custom:scripting/monoscript/fileName/SketchfabModelWindow.cs: 4dc5849476514b01465137f1507f3eeb -> 12e26065952d174d5eab2da2c013d2e1
  custom:scripting/monoscript/fileName/icebergMove.cs: 6c4276b0003c31e29ffeaf99cef1cc57 -> 
  custom:container-muxer-webm: aa71ff27fc2769a1b78a27578f13a17b -> 
  custom:scripting/monoscript/fileName/SketchfabBrowserWindow.cs: c1898a6cd8dd440157cdd96cbbc57313 -> 758c656e608d3a2525b8440f4f2d0726
  custom:video-decoder-webm-vp8: 9c59270c3fd7afecdb556c50c9e8de78 -> 
  custom:SearchIndexIgnoredProperties: e643bd26f0fe6173181afceb89e7c659 -> 
  custom:AudioImporter_EditorPlatform: d09bf68614088b80899f8185d706f6e7 -> 
  custom:scripting/monoscript/fileName/SketchfabLogger.cs: 7105fafd508cda11b6a8f7034e1b3034 -> 7b6cca873491cd3a233deb85e4c0bc15
  custom:scripting/monoscript/fileName/Mainmenu.cs: 2f60e6d990560711ad781ddee9464730 -> acc109f9c9e710534379d56419b0ad46
  custom:video-encoder-webm-vp8: eb34c28f22e8b96e1ab97ce403110664 -> 
  custom:audio-decoder-ogg-vorbis: bf7c407c2cedff20999df2af8eb42d56 -> 
  custom:scripting/monoscript/fileName/SketchfabPlugin.cs: a33b669981ba467355c5da931cd84a2b -> 516f7c272b96363c033bc17962f26f4d
  custom:scripting/monoscript/fileName/sceneload.cs: 5ce9fb469a60c722e148f37800208389 -> 5c0816849d186432ffce5e360c37577f
  custom:scripting/monoscript/fileName/SketchfabUI.cs: 93703fa15254b9bc36851978aeb13d47 -> 713424e062a40db4ff9f340a54a3f75d
  custom:audio-encoder-webm-vorbis: bf7c407c2cedff20999df2af8eb42d56 -> 
  custom:scripting/monoscript/fileName/Optionpopup.cs: 5daa7b9d4e54041591cf9ca9bbb5f701 -> 
========================================================================
Received Prepare
Caller must complete domain reload
Begin MonoManager ReloadAssembly
- Loaded All Assemblies, in  0.630 seconds
Native extension for WindowsStandalone target not found
Native extension for WebGL target not found
[Package Manager] Server::EnsureServerProcessIsRunning -- launch failed, reason: Unity was launched with the -noUpm command-line argument
[Package Manager] UpmClient::Send -- Unable to send message (not connected to UPM process).
[Package Manager] Cannot connect to Unity Package Manager local server
Mono: successfully reloaded assembly
- Finished resetting the current domain, in  1.679 seconds
Domain Reload Profiling: 2305ms
	BeginReloadAssembly (184ms)
		ExecutionOrderSort (0ms)
		DisableScriptedObjects (5ms)
		BackupInstance (0ms)
		ReleaseScriptingObjects (0ms)
		CreateAndSetChildDomain (34ms)
	RebuildCommonClasses (42ms)
	RebuildNativeTypeToScriptingClass (15ms)
	initialDomainReloadingComplete (80ms)
	LoadAllAssembliesAndSetupDomain (304ms)
		LoadAssemblies (397ms)
		RebuildTransferFunctionScriptingTraits (0ms)
		AnalyzeDomain (17ms)
			TypeCache.Refresh (8ms)
				TypeCache.ScanAssembly (0ms)
			ScanForSourceGeneratedMonoScriptInfo (0ms)
			ResolveRequiredComponents (7ms)
	FinalizeReload (1679ms)
		ReleaseScriptCaches (0ms)
		RebuildScriptCaches (0ms)
		SetupLoadedEditorAssemblies (1034ms)
			LogAssemblyErrors (0ms)
			InitializePlatformSupportModulesInManaged (13ms)
			SetLoadedEditorAssemblies (11ms)
			RefreshPlugins (0ms)
			BeforeProcessingInitializeOnLoad (74ms)
			ProcessInitializeOnLoadAttributes (877ms)
			ProcessInitializeOnLoadMethodAttributes (50ms)
			AfterProcessingInitializeOnLoad (9ms)
			EditorAssembliesLoaded (1ms)
		ExecutionOrderSort2 (0ms)
		AwakeInstancesAfterBackupRestoration (11ms)
Refreshing native plugins compatible for Editor in 7.42 ms, found 3 plugins.
Preloading 0 native plugins for Editor in 0.00 ms.
Unloading 3674 Unused Serialized files (Serialized files now loaded: 0)
Unloading 18 unused Assets / (101.4 KB). Loaded Objects now: 4213.
Memory consumption went from 132.9 MB to 132.8 MB.
Total: 9.034100 ms (FindLiveObjects: 0.357900 ms CreateObjectMapping: 0.122300 ms MarkObjects: 8.458700 ms  DeleteObjects: 0.093100 ms)

Prepare: number of updated asset objects reloaded= 0
AssetImportParameters requested are different than current active one (requested -> active):
  custom:scripting/monoscript/fileName/SketchfabBrowserManager.cs: 3a3500ade241f197f176172bbd6c2298 -> 58045900bcc0ea9411b0a211696ee59b
  custom:scripting/monoscript/fileName/SketchfabImporter.cs: aced4ec5d355e9bf44c9b4efee9a6b26 -> 9e76ddd789c0c8770617987be20c09cd
  custom:container-demuxer-ogg: 62fdf1f143b41e24485cea50d1cbac27 -> 
  custom:video-codec-MediaFoundation-h265: 746d11721c4dcdbdad8f713fa42b33f4 -> 
  custom:video-decoder-ogg-theora: a1e56fd34408186e4bbccfd4996cb3dc -> 
  custom:scripting/monoscript/fileName/SketchfabImporterWindow.cs: a1111a8d8ba16649668666546449cf3f -> e033d49dd18bd7acecc9a08cbd5e7f64
  custom:scripting/monoscript/fileName/SketchfabApi.cs: 8b7c3f7c6cf17f6decedf77d8f970842 -> d8e25357dbae427805b6693cb23d7b96
  custom:framework-win-MediaFoundation: 216162199b28c13a410421893ffa2e32 -> 
  custom:scripting/monoscript/fileName/Resizer.cs: 1d4b77bbfdbeda3e2b9e62bc1209c924 -> 0d8c9844c44a9da009572f975ba7f40b
  custom:scripting/monoscript/fileName/move_iceberg.cs: 1c523457f0ca469a2f1533fd532025a2 -> 6c4276b0003c31e29ffeaf99cef1cc57
  custom:CustomObjectIndexerAttribute: 9a22284fe3817be447336de3de66b15e -> 
  custom:scripting/monoscript/fileName/SketchfabExporter.cs: 8e8801c81dd390acdb380b6395bc0ba3 -> 193dea1e6554dc5211188980f689acec
  custom:container-demuxer-webm: 4f35f7cbe854078d1ac9338744f61a02 -> 
  custom:scripting/monoscript/fileName/SketchfabModelWindow.cs: 4dc5849476514b01465137f1507f3eeb -> 12e26065952d174d5eab2da2c013d2e1
  custom:scripting/monoscript/fileName/icebergMove.cs: 6c4276b0003c31e29ffeaf99cef1cc57 -> 
  custom:container-muxer-webm: aa71ff27fc2769a1b78a27578f13a17b -> 
  custom:scripting/monoscript/fileName/SketchfabBrowserWindow.cs: c1898a6cd8dd440157cdd96cbbc57313 -> 758c656e608d3a2525b8440f4f2d0726
  custom:video-decoder-webm-vp8: 9c59270c3fd7afecdb556c50c9e8de78 -> 
  custom:SearchIndexIgnoredProperties: e643bd26f0fe6173181afceb89e7c659 -> 
  custom:AudioImporter_EditorPlatform: d09bf68614088b80899f8185d706f6e7 -> 
  custom:scripting/monoscript/fileName/SketchfabLogger.cs: 7105fafd508cda11b6a8f7034e1b3034 -> 7b6cca873491cd3a233deb85e4c0bc15
  custom:scripting/monoscript/fileName/Mainmenu.cs: 2f60e6d990560711ad781ddee9464730 -> acc109f9c9e710534379d56419b0ad46
  custom:video-encoder-webm-vp8: eb34c28f22e8b96e1ab97ce403110664 -> 
  custom:audio-decoder-ogg-vorbis: bf7c407c2cedff20999df2af8eb42d56 -> 
  custom:scripting/monoscript/fileName/SketchfabPlugin.cs: a33b669981ba467355c5da931cd84a2b -> 516f7c272b96363c033bc17962f26f4d
  custom:scripting/monoscript/fileName/sceneload.cs: 5ce9fb469a60c722e148f37800208389 -> 5c0816849d186432ffce5e360c37577f
  custom:scripting/monoscript/fileName/SketchfabUI.cs: 93703fa15254b9bc36851978aeb13d47 -> 713424e062a40db4ff9f340a54a3f75d
  custom:audio-encoder-webm-vorbis: bf7c407c2cedff20999df2af8eb42d56 -> 
  custom:scripting/monoscript/fileName/Optionpopup.cs: 5daa7b9d4e54041591cf9ca9bbb5f701 -> 
========================================================================
Received Prepare
Caller must complete domain reload
Begin MonoManager ReloadAssembly
- Loaded All Assemblies, in  0.744 seconds
Native extension for WindowsStandalone target not found
Native extension for WebGL target not found
[Package Manager] Server::EnsureServerProcessIsRunning -- launch failed, reason: Unity was launched with the -noUpm command-line argument
[Package Manager] UpmClient::Send -- Unable to send message (not connected to UPM process).
[Package Manager] Cannot connect to Unity Package Manager local server
Mono: successfully reloaded assembly
- Finished resetting the current domain, in  1.454 seconds
Domain Reload Profiling: 2197ms
	BeginReloadAssembly (232ms)
		ExecutionOrderSort (0ms)
		DisableScriptedObjects (5ms)
		BackupInstance (0ms)
		ReleaseScriptingObjects (0ms)
		CreateAndSetChildDomain (44ms)
	RebuildCommonClasses (46ms)
	RebuildNativeTypeToScriptingClass (18ms)
	initialDomainReloadingComplete (93ms)
	LoadAllAssembliesAndSetupDomain (353ms)
		LoadAssemblies (474ms)
		RebuildTransferFunctionScriptingTraits (0ms)
		AnalyzeDomain (20ms)
			TypeCache.Refresh (9ms)
				TypeCache.ScanAssembly (0ms)
			ScanForSourceGeneratedMonoScriptInfo (0ms)
			ResolveRequiredComponents (9ms)
	FinalizeReload (1456ms)
		ReleaseScriptCaches (0ms)
		RebuildScriptCaches (0ms)
		SetupLoadedEditorAssemblies (888ms)
			LogAssemblyErrors (0ms)
			InitializePlatformSupportModulesInManaged (10ms)
			SetLoadedEditorAssemblies (4ms)
			RefreshPlugins (0ms)
			BeforeProcessingInitializeOnLoad (80ms)
			ProcessInitializeOnLoadAttributes (740ms)
			ProcessInitializeOnLoadMethodAttributes (43ms)
			AfterProcessingInitializeOnLoad (10ms)
			EditorAssembliesLoaded (0ms)
		ExecutionOrderSort2 (0ms)
		AwakeInstancesAfterBackupRestoration (13ms)
Refreshing native plugins compatible for Editor in 7.93 ms, found 3 plugins.
Preloading 0 native plugins for Editor in 0.00 ms.
Unloading 3674 Unused Serialized files (Serialized files now loaded: 0)
Unloading 18 unused Assets / (101.5 KB). Loaded Objects now: 4228.
Memory consumption went from 132.9 MB to 132.8 MB.
Total: 10.030700 ms (FindLiveObjects: 0.392600 ms CreateObjectMapping: 0.174700 ms MarkObjects: 8.873600 ms  DeleteObjects: 0.587800 ms)

Prepare: number of updated asset objects reloaded= 0
AssetImportParameters requested are different than current active one (requested -> active):
  custom:scripting/monoscript/fileName/SketchfabBrowserManager.cs: 3a3500ade241f197f176172bbd6c2298 -> 58045900bcc0ea9411b0a211696ee59b
  custom:scripting/monoscript/fileName/SketchfabImporter.cs: aced4ec5d355e9bf44c9b4efee9a6b26 -> 9e76ddd789c0c8770617987be20c09cd
  custom:container-demuxer-ogg: 62fdf1f143b41e24485cea50d1cbac27 -> 
  custom:video-codec-MediaFoundation-h265: 746d11721c4dcdbdad8f713fa42b33f4 -> 
  custom:video-decoder-ogg-theora: a1e56fd34408186e4bbccfd4996cb3dc -> 
  custom:scripting/monoscript/fileName/SketchfabImporterWindow.cs: a1111a8d8ba16649668666546449cf3f -> e033d49dd18bd7acecc9a08cbd5e7f64
  custom:scripting/monoscript/fileName/SketchfabApi.cs: 8b7c3f7c6cf17f6decedf77d8f970842 -> d8e25357dbae427805b6693cb23d7b96
  custom:framework-win-MediaFoundation: 216162199b28c13a410421893ffa2e32 -> 
  custom:scripting/monoscript/fileName/Resizer.cs: 1d4b77bbfdbeda3e2b9e62bc1209c924 -> 0d8c9844c44a9da009572f975ba7f40b
  custom:scripting/monoscript/fileName/move_iceberg.cs: 1c523457f0ca469a2f1533fd532025a2 -> 6c4276b0003c31e29ffeaf99cef1cc57
  custom:CustomObjectIndexerAttribute: 9a22284fe3817be447336de3de66b15e -> 
  custom:scripting/monoscript/fileName/SketchfabExporter.cs: 8e8801c81dd390acdb380b6395bc0ba3 -> 193dea1e6554dc5211188980f689acec
  custom:container-demuxer-webm: 4f35f7cbe854078d1ac9338744f61a02 -> 
  custom:scripting/monoscript/fileName/SketchfabModelWindow.cs: 4dc5849476514b01465137f1507f3eeb -> 12e26065952d174d5eab2da2c013d2e1
  custom:scripting/monoscript/fileName/icebergMove.cs: 6c4276b0003c31e29ffeaf99cef1cc57 -> 
  custom:container-muxer-webm: aa71ff27fc2769a1b78a27578f13a17b -> 
  custom:scripting/monoscript/fileName/SketchfabBrowserWindow.cs: c1898a6cd8dd440157cdd96cbbc57313 -> 758c656e608d3a2525b8440f4f2d0726
  custom:video-decoder-webm-vp8: 9c59270c3fd7afecdb556c50c9e8de78 -> 
  custom:SearchIndexIgnoredProperties: e643bd26f0fe6173181afceb89e7c659 -> 
  custom:AudioImporter_EditorPlatform: d09bf68614088b80899f8185d706f6e7 -> 
  custom:scripting/monoscript/fileName/SketchfabLogger.cs: 7105fafd508cda11b6a8f7034e1b3034 -> 7b6cca873491cd3a233deb85e4c0bc15
  custom:scripting/monoscript/fileName/Mainmenu.cs: 2f60e6d990560711ad781ddee9464730 -> acc109f9c9e710534379d56419b0ad46
  custom:video-encoder-webm-vp8: eb34c28f22e8b96e1ab97ce403110664 -> 
  custom:audio-decoder-ogg-vorbis: bf7c407c2cedff20999df2af8eb42d56 -> 
  custom:scripting/monoscript/fileName/SketchfabPlugin.cs: a33b669981ba467355c5da931cd84a2b -> 516f7c272b96363c033bc17962f26f4d
  custom:scripting/monoscript/fileName/sceneload.cs: 5ce9fb469a60c722e148f37800208389 -> 5c0816849d186432ffce5e360c37577f
  custom:scripting/monoscript/fileName/SketchfabUI.cs: 93703fa15254b9bc36851978aeb13d47 -> 713424e062a40db4ff9f340a54a3f75d
  custom:audio-encoder-webm-vorbis: bf7c407c2cedff20999df2af8eb42d56 -> 
  custom:scripting/monoscript/fileName/Optionpopup.cs: 5daa7b9d4e54041591cf9ca9bbb5f701 -> 
========================================================================
Received Prepare
Caller must complete domain reload
Begin MonoManager ReloadAssembly
- Loaded All Assemblies, in  0.645 seconds
Native extension for WindowsStandalone target not found
Native extension for WebGL target not found
[Package Manager] Server::EnsureServerProcessIsRunning -- launch failed, reason: Unity was launched with the -noUpm command-line argument
[Package Manager] UpmClient::Send -- Unable to send message (not connected to UPM process).
[Package Manager] Cannot connect to Unity Package Manager local server
Mono: successfully reloaded assembly
- Finished resetting the current domain, in  1.916 seconds
Domain Reload Profiling: 3925ms
	BeginReloadAssembly (197ms)
		ExecutionOrderSort (0ms)
		DisableScriptedObjects (5ms)
		BackupInstance (0ms)
		ReleaseScriptingObjects (0ms)
		CreateAndSetChildDomain (37ms)
	RebuildCommonClasses (42ms)
	RebuildNativeTypeToScriptingClass (14ms)
	initialDomainReloadingComplete (70ms)
	LoadAllAssembliesAndSetupDomain (1684ms)
		LoadAssemblies (386ms)
		RebuildTransferFunctionScriptingTraits (0ms)
		AnalyzeDomain (50ms)
			TypeCache.Refresh (15ms)
				TypeCache.ScanAssembly (1ms)
			ScanForSourceGeneratedMonoScriptInfo (24ms)
			ResolveRequiredComponents (9ms)
	FinalizeReload (1917ms)
		ReleaseScriptCaches (0ms)
		RebuildScriptCaches (0ms)
		SetupLoadedEditorAssemblies (1048ms)
			LogAssemblyErrors (0ms)
			InitializePlatformSupportModulesInManaged (12ms)
			SetLoadedEditorAssemblies (5ms)
			RefreshPlugins (0ms)
			BeforeProcessingInitializeOnLoad (98ms)
			ProcessInitializeOnLoadAttributes (882ms)
			ProcessInitializeOnLoadMethodAttributes (41ms)
			AfterProcessingInitializeOnLoad (10ms)
			EditorAssembliesLoaded (1ms)
		ExecutionOrderSort2 (0ms)
		AwakeInstancesAfterBackupRestoration (11ms)
Refreshing native plugins compatible for Editor in 5.89 ms, found 3 plugins.
Preloading 0 native plugins for Editor in 0.00 ms.
Unloading 3674 Unused Serialized files (Serialized files now loaded: 0)
Unloading 18 unused Assets / (101.4 KB). Loaded Objects now: 4243.
Memory consumption went from 132.9 MB to 132.8 MB.
Total: 7.536800 ms (FindLiveObjects: 0.481900 ms CreateObjectMapping: 0.132900 ms MarkObjects: 6.827500 ms  DeleteObjects: 0.092200 ms)

Prepare: number of updated asset objects reloaded= 0
AssetImportParameters requested are different than current active one (requested -> active):
  custom:scripting/monoscript/fileName/SketchfabBrowserManager.cs: 3a3500ade241f197f176172bbd6c2298 -> 58045900bcc0ea9411b0a211696ee59b
  custom:scripting/monoscript/fileName/SketchfabImporter.cs: aced4ec5d355e9bf44c9b4efee9a6b26 -> 9e76ddd789c0c8770617987be20c09cd
  custom:container-demuxer-ogg: 62fdf1f143b41e24485cea50d1cbac27 -> 
  custom:video-codec-MediaFoundation-h265: 746d11721c4dcdbdad8f713fa42b33f4 -> 
  custom:video-decoder-ogg-theora: a1e56fd34408186e4bbccfd4996cb3dc -> 
  custom:scripting/monoscript/fileName/SketchfabImporterWindow.cs: a1111a8d8ba16649668666546449cf3f -> e033d49dd18bd7acecc9a08cbd5e7f64
  custom:scripting/monoscript/fileName/SketchfabApi.cs: 8b7c3f7c6cf17f6decedf77d8f970842 -> d8e25357dbae427805b6693cb23d7b96
  custom:framework-win-MediaFoundation: 216162199b28c13a410421893ffa2e32 -> 
  custom:scripting/monoscript/fileName/Resizer.cs: 1d4b77bbfdbeda3e2b9e62bc1209c924 -> 0d8c9844c44a9da009572f975ba7f40b
  custom:scripting/monoscript/fileName/move_iceberg.cs: 1c523457f0ca469a2f1533fd532025a2 -> 6c4276b0003c31e29ffeaf99cef1cc57
  custom:CustomObjectIndexerAttribute: 9a22284fe3817be447336de3de66b15e -> 
  custom:scripting/monoscript/fileName/SketchfabExporter.cs: 8e8801c81dd390acdb380b6395bc0ba3 -> 193dea1e6554dc5211188980f689acec
  custom:container-demuxer-webm: 4f35f7cbe854078d1ac9338744f61a02 -> 
  custom:scripting/monoscript/fileName/SketchfabModelWindow.cs: 4dc5849476514b01465137f1507f3eeb -> 12e26065952d174d5eab2da2c013d2e1
  custom:scripting/monoscript/fileName/icebergMove.cs: 6c4276b0003c31e29ffeaf99cef1cc57 -> 
  custom:container-muxer-webm: aa71ff27fc2769a1b78a27578f13a17b -> 
  custom:scripting/monoscript/fileName/SketchfabBrowserWindow.cs: c1898a6cd8dd440157cdd96cbbc57313 -> 758c656e608d3a2525b8440f4f2d0726
  custom:video-decoder-webm-vp8: 9c59270c3fd7afecdb556c50c9e8de78 -> 
  custom:SearchIndexIgnoredProperties: e643bd26f0fe6173181afceb89e7c659 -> 
  custom:AudioImporter_EditorPlatform: d09bf68614088b80899f8185d706f6e7 -> 
  custom:scripting/monoscript/fileName/SketchfabLogger.cs: 7105fafd508cda11b6a8f7034e1b3034 -> 7b6cca873491cd3a233deb85e4c0bc15
  custom:scripting/monoscript/fileName/Mainmenu.cs: 2f60e6d990560711ad781ddee9464730 -> acc109f9c9e710534379d56419b0ad46
  custom:video-encoder-webm-vp8: eb34c28f22e8b96e1ab97ce403110664 -> 
  custom:audio-decoder-ogg-vorbis: bf7c407c2cedff20999df2af8eb42d56 -> 
  custom:scripting/monoscript/fileName/SketchfabPlugin.cs: a33b669981ba467355c5da931cd84a2b -> 516f7c272b96363c033bc17962f26f4d
  custom:scripting/monoscript/fileName/sceneload.cs: 5ce9fb469a60c722e148f37800208389 -> 5c0816849d186432ffce5e360c37577f
  custom:scripting/monoscript/fileName/SketchfabUI.cs: 93703fa15254b9bc36851978aeb13d47 -> 713424e062a40db4ff9f340a54a3f75d
  custom:audio-encoder-webm-vorbis: bf7c407c2cedff20999df2af8eb42d56 -> 
  custom:scripting/monoscript/fileName/Optionpopup.cs: 5daa7b9d4e54041591cf9ca9bbb5f701 -> 
========================================================================
Received Prepare
Caller must complete domain reload
Begin MonoManager ReloadAssembly
- Loaded All Assemblies, in  0.627 seconds
Native extension for WindowsStandalone target not found
Native extension for WebGL target not found
[Package Manager] Server::EnsureServerProcessIsRunning -- launch failed, reason: Unity was launched with the -noUpm command-line argument
[Package Manager] UpmClient::Send -- Unable to send message (not connected to UPM process).
[Package Manager] Cannot connect to Unity Package Manager local server
Mono: successfully reloaded assembly
- Finished resetting the current domain, in  1.075 seconds
Domain Reload Profiling: 1700ms
	BeginReloadAssembly (194ms)
		ExecutionOrderSort (0ms)
		DisableScriptedObjects (5ms)
		BackupInstance (0ms)
		ReleaseScriptingObjects (0ms)
		CreateAndSetChildDomain (32ms)
	RebuildCommonClasses (44ms)
	RebuildNativeTypeToScriptingClass (13ms)
	initialDomainReloadingComplete (68ms)
	LoadAllAssembliesAndSetupDomain (306ms)
		LoadAssemblies (406ms)
		RebuildTransferFunctionScriptingTraits (0ms)
		AnalyzeDomain (19ms)
			TypeCache.Refresh (10ms)
				TypeCache.ScanAssembly (0ms)
			ScanForSourceGeneratedMonoScriptInfo (0ms)
			ResolveRequiredComponents (7ms)
	FinalizeReload (1075ms)
		ReleaseScriptCaches (0ms)
		RebuildScriptCaches (0ms)
		SetupLoadedEditorAssemblies (615ms)
			LogAssemblyErrors (0ms)
			InitializePlatformSupportModulesInManaged (7ms)
			SetLoadedEditorAssemblies (4ms)
			RefreshPlugins (0ms)
			BeforeProcessingInitializeOnLoad (70ms)
			ProcessInitializeOnLoadAttributes (501ms)
			ProcessInitializeOnLoadMethodAttributes (24ms)
			AfterProcessingInitializeOnLoad (8ms)
			EditorAssembliesLoaded (0ms)
		ExecutionOrderSort2 (0ms)
		AwakeInstancesAfterBackupRestoration (9ms)
Refreshing native plugins compatible for Editor in 4.65 ms, found 3 plugins.
Preloading 0 native plugins for Editor in 0.00 ms.
Unloading 3674 Unused Serialized files (Serialized files now loaded: 0)
Unloading 18 unused Assets / (101.4 KB). Loaded Objects now: 4258.
Memory consumption went from 132.9 MB to 132.8 MB.
Total: 5.848400 ms (FindLiveObjects: 0.351000 ms CreateObjectMapping: 0.120500 ms MarkObjects: 4.814700 ms  DeleteObjects: 0.560600 ms)

Prepare: number of updated asset objects reloaded= 0
AssetImportParameters requested are different than current active one (requested -> active):
  custom:scripting/monoscript/fileName/SketchfabBrowserManager.cs: 3a3500ade241f197f176172bbd6c2298 -> 58045900bcc0ea9411b0a211696ee59b
  custom:scripting/monoscript/fileName/SketchfabImporter.cs: aced4ec5d355e9bf44c9b4efee9a6b26 -> 9e76ddd789c0c8770617987be20c09cd
  custom:container-demuxer-ogg: 62fdf1f143b41e24485cea50d1cbac27 -> 
  custom:video-codec-MediaFoundation-h265: 746d11721c4dcdbdad8f713fa42b33f4 -> 
  custom:video-decoder-ogg-theora: a1e56fd34408186e4bbccfd4996cb3dc -> 
  custom:scripting/monoscript/fileName/SketchfabImporterWindow.cs: a1111a8d8ba16649668666546449cf3f -> e033d49dd18bd7acecc9a08cbd5e7f64
  custom:scripting/monoscript/fileName/SketchfabApi.cs: 8b7c3f7c6cf17f6decedf77d8f970842 -> d8e25357dbae427805b6693cb23d7b96
  custom:framework-win-MediaFoundation: 216162199b28c13a410421893ffa2e32 -> 
  custom:scripting/monoscript/fileName/Resizer.cs: 1d4b77bbfdbeda3e2b9e62bc1209c924 -> 0d8c9844c44a9da009572f975ba7f40b
  custom:scripting/monoscript/fileName/move_iceberg.cs: 1c523457f0ca469a2f1533fd532025a2 -> 6c4276b0003c31e29ffeaf99cef1cc57
  custom:CustomObjectIndexerAttribute: 9a22284fe3817be447336de3de66b15e -> 
  custom:scripting/monoscript/fileName/SketchfabExporter.cs: 8e8801c81dd390acdb380b6395bc0ba3 -> 193dea1e6554dc5211188980f689acec
  custom:container-demuxer-webm: 4f35f7cbe854078d1ac9338744f61a02 -> 
  custom:scripting/monoscript/fileName/SketchfabModelWindow.cs: 4dc5849476514b01465137f1507f3eeb -> 12e26065952d174d5eab2da2c013d2e1
  custom:scripting/monoscript/fileName/icebergMove.cs: 6c4276b0003c31e29ffeaf99cef1cc57 -> 
  custom:container-muxer-webm: aa71ff27fc2769a1b78a27578f13a17b -> 
  custom:scripting/monoscript/fileName/SketchfabBrowserWindow.cs: c1898a6cd8dd440157cdd96cbbc57313 -> 758c656e608d3a2525b8440f4f2d0726
  custom:video-decoder-webm-vp8: 9c59270c3fd7afecdb556c50c9e8de78 -> 
  custom:SearchIndexIgnoredProperties: e643bd26f0fe6173181afceb89e7c659 -> 
  custom:AudioImporter_EditorPlatform: d09bf68614088b80899f8185d706f6e7 -> 
  custom:scripting/monoscript/fileName/SketchfabLogger.cs: 7105fafd508cda11b6a8f7034e1b3034 -> 7b6cca873491cd3a233deb85e4c0bc15
  custom:scripting/monoscript/fileName/Mainmenu.cs: 2f60e6d990560711ad781ddee9464730 -> acc109f9c9e710534379d56419b0ad46
  custom:video-encoder-webm-vp8: eb34c28f22e8b96e1ab97ce403110664 -> 
  custom:audio-decoder-ogg-vorbis: bf7c407c2cedff20999df2af8eb42d56 -> 
  custom:scripting/monoscript/fileName/SketchfabPlugin.cs: a33b669981ba467355c5da931cd84a2b -> 516f7c272b96363c033bc17962f26f4d
  custom:scripting/monoscript/fileName/sceneload.cs: 5ce9fb469a60c722e148f37800208389 -> 5c0816849d186432ffce5e360c37577f
  custom:scripting/monoscript/fileName/SketchfabUI.cs: 93703fa15254b9bc36851978aeb13d47 -> 713424e062a40db4ff9f340a54a3f75d
  custom:audio-encoder-webm-vorbis: bf7c407c2cedff20999df2af8eb42d56 -> 
  custom:scripting/monoscript/fileName/Optionpopup.cs: 5daa7b9d4e54041591cf9ca9bbb5f701 -> 
========================================================================
Received Prepare
Caller must complete domain reload
Begin MonoManager ReloadAssembly
- Loaded All Assemblies, in  0.589 seconds
Native extension for WindowsStandalone target not found
Native extension for WebGL target not found
[Package Manager] Server::EnsureServerProcessIsRunning -- launch failed, reason: Unity was launched with the -noUpm command-line argument
[Package Manager] UpmClient::Send -- Unable to send message (not connected to UPM process).
[Package Manager] Cannot connect to Unity Package Manager local server
Mono: successfully reloaded assembly
- Finished resetting the current domain, in  1.108 seconds
Domain Reload Profiling: 1696ms
	BeginReloadAssembly (178ms)
		ExecutionOrderSort (0ms)
		DisableScriptedObjects (5ms)
		BackupInstance (0ms)
		ReleaseScriptingObjects (0ms)
		CreateAndSetChildDomain (34ms)
	RebuildCommonClasses (37ms)
	RebuildNativeTypeToScriptingClass (13ms)
	initialDomainReloadingComplete (75ms)
	LoadAllAssembliesAndSetupDomain (284ms)
		LoadAssemblies (369ms)
		RebuildTransferFunctionScriptingTraits (0ms)
		AnalyzeDomain (19ms)
			TypeCache.Refresh (8ms)
				TypeCache.ScanAssembly (0ms)
			ScanForSourceGeneratedMonoScriptInfo (0ms)
			ResolveRequiredComponents (8ms)
	FinalizeReload (1109ms)
		ReleaseScriptCaches (0ms)
		RebuildScriptCaches (0ms)
		SetupLoadedEditorAssemblies (625ms)
			LogAssemblyErrors (0ms)
			InitializePlatformSupportModulesInManaged (6ms)
			SetLoadedEditorAssemblies (3ms)
			RefreshPlugins (0ms)
			BeforeProcessingInitializeOnLoad (66ms)
			ProcessInitializeOnLoadAttributes (517ms)
			ProcessInitializeOnLoadMethodAttributes (24ms)
			AfterProcessingInitializeOnLoad (7ms)
			EditorAssembliesLoaded (0ms)
		ExecutionOrderSort2 (0ms)
		AwakeInstancesAfterBackupRestoration (6ms)
Refreshing native plugins compatible for Editor in 3.90 ms, found 3 plugins.
Preloading 0 native plugins for Editor in 0.00 ms.
Unloading 3674 Unused Serialized files (Serialized files now loaded: 0)
Unloading 18 unused Assets / (101.3 KB). Loaded Objects now: 4273.
Memory consumption went from 132.9 MB to 132.8 MB.
Total: 4.647400 ms (FindLiveObjects: 0.363700 ms CreateObjectMapping: 0.126400 ms MarkObjects: 4.069200 ms  DeleteObjects: 0.086900 ms)

Prepare: number of updated asset objects reloaded= 0
AssetImportParameters requested are different than current active one (requested -> active):
  custom:scripting/monoscript/fileName/SketchfabBrowserManager.cs: 3a3500ade241f197f176172bbd6c2298 -> 58045900bcc0ea9411b0a211696ee59b
  custom:scripting/monoscript/fileName/SketchfabImporter.cs: aced4ec5d355e9bf44c9b4efee9a6b26 -> 9e76ddd789c0c8770617987be20c09cd
  custom:container-demuxer-ogg: 62fdf1f143b41e24485cea50d1cbac27 -> 
  custom:video-codec-MediaFoundation-h265: 746d11721c4dcdbdad8f713fa42b33f4 -> 
  custom:video-decoder-ogg-theora: a1e56fd34408186e4bbccfd4996cb3dc -> 
  custom:scripting/monoscript/fileName/SketchfabImporterWindow.cs: a1111a8d8ba16649668666546449cf3f -> e033d49dd18bd7acecc9a08cbd5e7f64
  custom:scripting/monoscript/fileName/SketchfabApi.cs: 8b7c3f7c6cf17f6decedf77d8f970842 -> d8e25357dbae427805b6693cb23d7b96
  custom:framework-win-MediaFoundation: 216162199b28c13a410421893ffa2e32 -> 
  custom:scripting/monoscript/fileName/Resizer.cs: 1d4b77bbfdbeda3e2b9e62bc1209c924 -> 0d8c9844c44a9da009572f975ba7f40b
  custom:scripting/monoscript/fileName/move_iceberg.cs: 1c523457f0ca469a2f1533fd532025a2 -> 6c4276b0003c31e29ffeaf99cef1cc57
  custom:CustomObjectIndexerAttribute: 9a22284fe3817be447336de3de66b15e -> 
  custom:scripting/monoscript/fileName/SketchfabExporter.cs: 8e8801c81dd390acdb380b6395bc0ba3 -> 193dea1e6554dc5211188980f689acec
  custom:container-demuxer-webm: 4f35f7cbe854078d1ac9338744f61a02 -> 
  custom:scripting/monoscript/fileName/SketchfabModelWindow.cs: 4dc5849476514b01465137f1507f3eeb -> 12e26065952d174d5eab2da2c013d2e1
  custom:scripting/monoscript/fileName/icebergMove.cs: 6c4276b0003c31e29ffeaf99cef1cc57 -> 
  custom:container-muxer-webm: aa71ff27fc2769a1b78a27578f13a17b -> 
  custom:scripting/monoscript/fileName/SketchfabBrowserWindow.cs: c1898a6cd8dd440157cdd96cbbc57313 -> 758c656e608d3a2525b8440f4f2d0726
  custom:video-decoder-webm-vp8: 9c59270c3fd7afecdb556c50c9e8de78 -> 
  custom:SearchIndexIgnoredProperties: e643bd26f0fe6173181afceb89e7c659 -> 
  custom:AudioImporter_EditorPlatform: d09bf68614088b80899f8185d706f6e7 -> 
  custom:scripting/monoscript/fileName/SketchfabLogger.cs: 7105fafd508cda11b6a8f7034e1b3034 -> 7b6cca873491cd3a233deb85e4c0bc15
  custom:scripting/monoscript/fileName/Mainmenu.cs: 2f60e6d990560711ad781ddee9464730 -> acc109f9c9e710534379d56419b0ad46
  custom:video-encoder-webm-vp8: eb34c28f22e8b96e1ab97ce403110664 -> 
  custom:audio-decoder-ogg-vorbis: bf7c407c2cedff20999df2af8eb42d56 -> 
  custom:scripting/monoscript/fileName/SketchfabPlugin.cs: a33b669981ba467355c5da931cd84a2b -> 516f7c272b96363c033bc17962f26f4d
  custom:scripting/monoscript/fileName/sceneload.cs: 5ce9fb469a60c722e148f37800208389 -> 5c0816849d186432ffce5e360c37577f
  custom:scripting/monoscript/fileName/SketchfabUI.cs: 93703fa15254b9bc36851978aeb13d47 -> 713424e062a40db4ff9f340a54a3f75d
  custom:audio-encoder-webm-vorbis: bf7c407c2cedff20999df2af8eb42d56 -> 
  custom:scripting/monoscript/fileName/Optionpopup.cs: 5daa7b9d4e54041591cf9ca9bbb5f701 -> 
========================================================================
Received Prepare
Caller must complete domain reload
Begin MonoManager ReloadAssembly
- Loaded All Assemblies, in  0.612 seconds
Native extension for WindowsStandalone target not found
Native extension for WebGL target not found
[Package Manager] Server::EnsureServerProcessIsRunning -- launch failed, reason: Unity was launched with the -noUpm command-line argument
[Package Manager] UpmClient::Send -- Unable to send message (not connected to UPM process).
[Package Manager] Cannot connect to Unity Package Manager local server
Mono: successfully reloaded assembly
- Finished resetting the current domain, in  1.161 seconds
Domain Reload Profiling: 1771ms
	BeginReloadAssembly (188ms)
		ExecutionOrderSort (0ms)
		DisableScriptedObjects (5ms)
		BackupInstance (0ms)
		ReleaseScriptingObjects (0ms)
		CreateAndSetChildDomain (41ms)
	RebuildCommonClasses (34ms)
	RebuildNativeTypeToScriptingClass (14ms)
	initialDomainReloadingComplete (67ms)
	LoadAllAssembliesAndSetupDomain (306ms)
		LoadAssemblies (397ms)
		RebuildTransferFunctionScriptingTraits (0ms)
		AnalyzeDomain (17ms)
			TypeCache.Refresh (7ms)
				TypeCache.ScanAssembly (0ms)
			ScanForSourceGeneratedMonoScriptInfo (0ms)
			ResolveRequiredComponents (7ms)
	FinalizeReload (1162ms)
		ReleaseScriptCaches (0ms)
		RebuildScriptCaches (0ms)
		SetupLoadedEditorAssemblies (631ms)
			LogAssemblyErrors (0ms)
			InitializePlatformSupportModulesInManaged (8ms)
			SetLoadedEditorAssemblies (4ms)
			RefreshPlugins (0ms)
			BeforeProcessingInitializeOnLoad (67ms)
			ProcessInitializeOnLoadAttributes (525ms)
			ProcessInitializeOnLoadMethodAttributes (21ms)
			AfterProcessingInitializeOnLoad (5ms)
			EditorAssembliesLoaded (0ms)
		ExecutionOrderSort2 (0ms)
		AwakeInstancesAfterBackupRestoration (8ms)
Refreshing native plugins compatible for Editor in 9.60 ms, found 3 plugins.
Preloading 0 native plugins for Editor in 0.00 ms.
Unloading 3674 Unused Serialized files (Serialized files now loaded: 0)
Unloading 18 unused Assets / (101.4 KB). Loaded Objects now: 4288.
Memory consumption went from 132.9 MB to 132.8 MB.
Total: 8.745500 ms (FindLiveObjects: 0.935600 ms CreateObjectMapping: 0.213900 ms MarkObjects: 7.500200 ms  DeleteObjects: 0.093700 ms)

Prepare: number of updated asset objects reloaded= 0
AssetImportParameters requested are different than current active one (requested -> active):
  custom:scripting/monoscript/fileName/SketchfabBrowserManager.cs: 3a3500ade241f197f176172bbd6c2298 -> 58045900bcc0ea9411b0a211696ee59b
  custom:scripting/monoscript/fileName/SketchfabImporter.cs: aced4ec5d355e9bf44c9b4efee9a6b26 -> 9e76ddd789c0c8770617987be20c09cd
  custom:container-demuxer-ogg: 62fdf1f143b41e24485cea50d1cbac27 -> 
  custom:video-codec-MediaFoundation-h265: 746d11721c4dcdbdad8f713fa42b33f4 -> 
  custom:video-decoder-ogg-theora: a1e56fd34408186e4bbccfd4996cb3dc -> 
  custom:scripting/monoscript/fileName/SketchfabImporterWindow.cs: a1111a8d8ba16649668666546449cf3f -> e033d49dd18bd7acecc9a08cbd5e7f64
  custom:scripting/monoscript/fileName/SketchfabApi.cs: 8b7c3f7c6cf17f6decedf77d8f970842 -> d8e25357dbae427805b6693cb23d7b96
  custom:framework-win-MediaFoundation: 216162199b28c13a410421893ffa2e32 -> 
  custom:scripting/monoscript/fileName/Resizer.cs: 1d4b77bbfdbeda3e2b9e62bc1209c924 -> 0d8c9844c44a9da009572f975ba7f40b
  custom:scripting/monoscript/fileName/move_iceberg.cs: 1c523457f0ca469a2f1533fd532025a2 -> 6c4276b0003c31e29ffeaf99cef1cc57
  custom:CustomObjectIndexerAttribute: 9a22284fe3817be447336de3de66b15e -> 
  custom:scripting/monoscript/fileName/SketchfabExporter.cs: 8e8801c81dd390acdb380b6395bc0ba3 -> 193dea1e6554dc5211188980f689acec
  custom:container-demuxer-webm: 4f35f7cbe854078d1ac9338744f61a02 -> 
  custom:scripting/monoscript/fileName/SketchfabModelWindow.cs: 4dc5849476514b01465137f1507f3eeb -> 12e26065952d174d5eab2da2c013d2e1
  custom:scripting/monoscript/fileName/icebergMove.cs: 6c4276b0003c31e29ffeaf99cef1cc57 -> 
  custom:container-muxer-webm: aa71ff27fc2769a1b78a27578f13a17b -> 
  custom:scripting/monoscript/fileName/SketchfabBrowserWindow.cs: c1898a6cd8dd440157cdd96cbbc57313 -> 758c656e608d3a2525b8440f4f2d0726
  custom:video-decoder-webm-vp8: 9c59270c3fd7afecdb556c50c9e8de78 -> 
  custom:SearchIndexIgnoredProperties: e643bd26f0fe6173181afceb89e7c659 -> 
  custom:AudioImporter_EditorPlatform: d09bf68614088b80899f8185d706f6e7 -> 
  custom:scripting/monoscript/fileName/SketchfabLogger.cs: 7105fafd508cda11b6a8f7034e1b3034 -> 7b6cca873491cd3a233deb85e4c0bc15
  custom:scripting/monoscript/fileName/Mainmenu.cs: 2f60e6d990560711ad781ddee9464730 -> acc109f9c9e710534379d56419b0ad46
  custom:video-encoder-webm-vp8: eb34c28f22e8b96e1ab97ce403110664 -> 
  custom:audio-decoder-ogg-vorbis: bf7c407c2cedff20999df2af8eb42d56 -> 
  custom:scripting/monoscript/fileName/SketchfabPlugin.cs: a33b669981ba467355c5da931cd84a2b -> 516f7c272b96363c033bc17962f26f4d
  custom:scripting/monoscript/fileName/sceneload.cs: 5ce9fb469a60c722e148f37800208389 -> 5c0816849d186432ffce5e360c37577f
  custom:scripting/monoscript/fileName/SketchfabUI.cs: 93703fa15254b9bc36851978aeb13d47 -> 713424e062a40db4ff9f340a54a3f75d
  custom:audio-encoder-webm-vorbis: bf7c407c2cedff20999df2af8eb42d56 -> 
  custom:scripting/monoscript/fileName/Optionpopup.cs: 5daa7b9d4e54041591cf9ca9bbb5f701 -> 
========================================================================
Received Prepare
Caller must complete domain reload
Begin MonoManager ReloadAssembly
- Loaded All Assemblies, in  0.653 seconds
Native extension for WindowsStandalone target not found
Native extension for WebGL target not found
[Package Manager] Server::EnsureServerProcessIsRunning -- launch failed, reason: Unity was launched with the -noUpm command-line argument
[Package Manager] UpmClient::Send -- Unable to send message (not connected to UPM process).
[Package Manager] Cannot connect to Unity Package Manager local server
Mono: successfully reloaded assembly
- Finished resetting the current domain, in  1.545 seconds
Domain Reload Profiling: 2196ms
	BeginReloadAssembly (189ms)
		ExecutionOrderSort (0ms)
		DisableScriptedObjects (4ms)
		BackupInstance (0ms)
		ReleaseScriptingObjects (0ms)
		CreateAndSetChildDomain (36ms)
	RebuildCommonClasses (42ms)
	RebuildNativeTypeToScriptingClass (13ms)
	initialDomainReloadingComplete (75ms)
	LoadAllAssembliesAndSetupDomain (330ms)
		LoadAssemblies (417ms)
		RebuildTransferFunctionScriptingTraits (0ms)
		AnalyzeDomain (26ms)
			TypeCache.Refresh (12ms)
				TypeCache.ScanAssembly (0ms)
			ScanForSourceGeneratedMonoScriptInfo (0ms)
			ResolveRequiredComponents (12ms)
	FinalizeReload (1546ms)
		ReleaseScriptCaches (0ms)
		RebuildScriptCaches (0ms)
		SetupLoadedEditorAssemblies (883ms)
			LogAssemblyErrors (0ms)
			InitializePlatformSupportModulesInManaged (11ms)
			SetLoadedEditorAssemblies (5ms)
			RefreshPlugins (0ms)
			BeforeProcessingInitializeOnLoad (78ms)
			ProcessInitializeOnLoadAttributes (722ms)
			ProcessInitializeOnLoadMethodAttributes (52ms)
			AfterProcessingInitializeOnLoad (14ms)
			EditorAssembliesLoaded (1ms)
		ExecutionOrderSort2 (0ms)
		AwakeInstancesAfterBackupRestoration (13ms)
Refreshing native plugins compatible for Editor in 8.37 ms, found 3 plugins.
Preloading 0 native plugins for Editor in 0.00 ms.
Unloading 3674 Unused Serialized files (Serialized files now loaded: 0)
Unloading 18 unused Assets / (101.4 KB). Loaded Objects now: 4303.
Memory consumption went from 132.9 MB to 132.8 MB.
Total: 7.201500 ms (FindLiveObjects: 0.583000 ms CreateObjectMapping: 0.190500 ms MarkObjects: 6.278700 ms  DeleteObjects: 0.138900 ms)

Prepare: number of updated asset objects reloaded= 0
AssetImportParameters requested are different than current active one (requested -> active):
  custom:scripting/monoscript/fileName/SketchfabBrowserManager.cs: 3a3500ade241f197f176172bbd6c2298 -> 58045900bcc0ea9411b0a211696ee59b
  custom:scripting/monoscript/fileName/SketchfabImporter.cs: aced4ec5d355e9bf44c9b4efee9a6b26 -> 9e76ddd789c0c8770617987be20c09cd
  custom:container-demuxer-ogg: 62fdf1f143b41e24485cea50d1cbac27 -> 
  custom:video-codec-MediaFoundation-h265: 746d11721c4dcdbdad8f713fa42b33f4 -> 
  custom:video-decoder-ogg-theora: a1e56fd34408186e4bbccfd4996cb3dc -> 
  custom:scripting/monoscript/fileName/SketchfabImporterWindow.cs: a1111a8d8ba16649668666546449cf3f -> e033d49dd18bd7acecc9a08cbd5e7f64
  custom:scripting/monoscript/fileName/SketchfabApi.cs: 8b7c3f7c6cf17f6decedf77d8f970842 -> d8e25357dbae427805b6693cb23d7b96
  custom:framework-win-MediaFoundation: 216162199b28c13a410421893ffa2e32 -> 
  custom:scripting/monoscript/fileName/Resizer.cs: 1d4b77bbfdbeda3e2b9e62bc1209c924 -> 0d8c9844c44a9da009572f975ba7f40b
  custom:scripting/monoscript/fileName/move_iceberg.cs: 1c523457f0ca469a2f1533fd532025a2 -> 6c4276b0003c31e29ffeaf99cef1cc57
  custom:CustomObjectIndexerAttribute: 9a22284fe3817be447336de3de66b15e -> 
  custom:scripting/monoscript/fileName/SketchfabExporter.cs: 8e8801c81dd390acdb380b6395bc0ba3 -> 193dea1e6554dc5211188980f689acec
  custom:container-demuxer-webm: 4f35f7cbe854078d1ac9338744f61a02 -> 
  custom:scripting/monoscript/fileName/SketchfabModelWindow.cs: 4dc5849476514b01465137f1507f3eeb -> 12e26065952d174d5eab2da2c013d2e1
  custom:scripting/monoscript/fileName/icebergMove.cs: 6c4276b0003c31e29ffeaf99cef1cc57 -> 
  custom:container-muxer-webm: aa71ff27fc2769a1b78a27578f13a17b -> 
  custom:scripting/monoscript/fileName/SketchfabBrowserWindow.cs: c1898a6cd8dd440157cdd96cbbc57313 -> 758c656e608d3a2525b8440f4f2d0726
  custom:video-decoder-webm-vp8: 9c59270c3fd7afecdb556c50c9e8de78 -> 
  custom:SearchIndexIgnoredProperties: e643bd26f0fe6173181afceb89e7c659 -> 
  custom:AudioImporter_EditorPlatform: d09bf68614088b80899f8185d706f6e7 -> 
  custom:scripting/monoscript/fileName/SketchfabLogger.cs: 7105fafd508cda11b6a8f7034e1b3034 -> 7b6cca873491cd3a233deb85e4c0bc15
  custom:scripting/monoscript/fileName/Mainmenu.cs: 2f60e6d990560711ad781ddee9464730 -> acc109f9c9e710534379d56419b0ad46
  custom:video-encoder-webm-vp8: eb34c28f22e8b96e1ab97ce403110664 -> 
  custom:audio-decoder-ogg-vorbis: bf7c407c2cedff20999df2af8eb42d56 -> 
  custom:scripting/monoscript/fileName/SketchfabPlugin.cs: a33b669981ba467355c5da931cd84a2b -> 516f7c272b96363c033bc17962f26f4d
  custom:scripting/monoscript/fileName/sceneload.cs: 5ce9fb469a60c722e148f37800208389 -> 5c0816849d186432ffce5e360c37577f
  custom:scripting/monoscript/fileName/SketchfabUI.cs: 93703fa15254b9bc36851978aeb13d47 -> 713424e062a40db4ff9f340a54a3f75d
  custom:audio-encoder-webm-vorbis: bf7c407c2cedff20999df2af8eb42d56 -> 
  custom:scripting/monoscript/fileName/Optionpopup.cs: 5daa7b9d4e54041591cf9ca9bbb5f701 -> 
========================================================================
Received Prepare
Caller must complete domain reload
Begin MonoManager ReloadAssembly
- Loaded All Assemblies, in  0.583 seconds
Native extension for WindowsStandalone target not found
Native extension for WebGL target not found
[Package Manager] Server::EnsureServerProcessIsRunning -- launch failed, reason: Unity was launched with the -noUpm command-line argument
[Package Manager] UpmClient::Send -- Unable to send message (not connected to UPM process).
[Package Manager] Cannot connect to Unity Package Manager local server
Mono: successfully reloaded assembly
- Finished resetting the current domain, in  1.180 seconds
Domain Reload Profiling: 1761ms
	BeginReloadAssembly (187ms)
		ExecutionOrderSort (0ms)
		DisableScriptedObjects (5ms)
		BackupInstance (0ms)
		ReleaseScriptingObjects (0ms)
		CreateAndSetChildDomain (33ms)
	RebuildCommonClasses (37ms)
	RebuildNativeTypeToScriptingClass (15ms)
	initialDomainReloadingComplete (73ms)
	LoadAllAssembliesAndSetupDomain (269ms)
		LoadAssemblies (361ms)
		RebuildTransferFunctionScriptingTraits (0ms)
		AnalyzeDomain (17ms)
			TypeCache.Refresh (8ms)
				TypeCache.ScanAssembly (0ms)
			ScanForSourceGeneratedMonoScriptInfo (0ms)
			ResolveRequiredComponents (7ms)
	FinalizeReload (1180ms)
		ReleaseScriptCaches (0ms)
		RebuildScriptCaches (0ms)
		SetupLoadedEditorAssemblies (635ms)
			LogAssemblyErrors (0ms)
			InitializePlatformSupportModulesInManaged (10ms)
			SetLoadedEditorAssemblies (5ms)
			RefreshPlugins (0ms)
			BeforeProcessingInitializeOnLoad (82ms)
			ProcessInitializeOnLoadAttributes (505ms)
			ProcessInitializeOnLoadMethodAttributes (24ms)
			AfterProcessingInitializeOnLoad (8ms)
			EditorAssembliesLoaded (0ms)
		ExecutionOrderSort2 (0ms)
		AwakeInstancesAfterBackupRestoration (12ms)
Refreshing native plugins compatible for Editor in 7.91 ms, found 3 plugins.
Preloading 0 native plugins for Editor in 0.00 ms.
Unloading 3674 Unused Serialized files (Serialized files now loaded: 0)
Unloading 18 unused Assets / (101.5 KB). Loaded Objects now: 4318.
Memory consumption went from 133.0 MB to 132.9 MB.
Total: 6.622100 ms (FindLiveObjects: 0.442600 ms CreateObjectMapping: 0.150100 ms MarkObjects: 5.926500 ms  DeleteObjects: 0.101000 ms)

Prepare: number of updated asset objects reloaded= 0
AssetImportParameters requested are different than current active one (requested -> active):
  custom:scripting/monoscript/fileName/SketchfabBrowserManager.cs: 3a3500ade241f197f176172bbd6c2298 -> 58045900bcc0ea9411b0a211696ee59b
  custom:scripting/monoscript/fileName/SketchfabImporter.cs: aced4ec5d355e9bf44c9b4efee9a6b26 -> 9e76ddd789c0c8770617987be20c09cd
  custom:container-demuxer-ogg: 62fdf1f143b41e24485cea50d1cbac27 -> 
  custom:video-codec-MediaFoundation-h265: 746d11721c4dcdbdad8f713fa42b33f4 -> 
  custom:video-decoder-ogg-theora: a1e56fd34408186e4bbccfd4996cb3dc -> 
  custom:scripting/monoscript/fileName/SketchfabImporterWindow.cs: a1111a8d8ba16649668666546449cf3f -> e033d49dd18bd7acecc9a08cbd5e7f64
  custom:scripting/monoscript/fileName/SketchfabApi.cs: 8b7c3f7c6cf17f6decedf77d8f970842 -> d8e25357dbae427805b6693cb23d7b96
  custom:framework-win-MediaFoundation: 216162199b28c13a410421893ffa2e32 -> 
  custom:scripting/monoscript/fileName/Resizer.cs: 1d4b77bbfdbeda3e2b9e62bc1209c924 -> 0d8c9844c44a9da009572f975ba7f40b
  custom:scripting/monoscript/fileName/move_iceberg.cs: 1c523457f0ca469a2f1533fd532025a2 -> 6c4276b0003c31e29ffeaf99cef1cc57
  custom:CustomObjectIndexerAttribute: 9a22284fe3817be447336de3de66b15e -> 
  custom:scripting/monoscript/fileName/SketchfabExporter.cs: 8e8801c81dd390acdb380b6395bc0ba3 -> 193dea1e6554dc5211188980f689acec
  custom:container-demuxer-webm: 4f35f7cbe854078d1ac9338744f61a02 -> 
  custom:scripting/monoscript/fileName/SketchfabModelWindow.cs: 4dc5849476514b01465137f1507f3eeb -> 12e26065952d174d5eab2da2c013d2e1
  custom:scripting/monoscript/fileName/icebergMove.cs: 6c4276b0003c31e29ffeaf99cef1cc57 -> 
  custom:container-muxer-webm: aa71ff27fc2769a1b78a27578f13a17b -> 
  custom:scripting/monoscript/fileName/SketchfabBrowserWindow.cs: c1898a6cd8dd440157cdd96cbbc57313 -> 758c656e608d3a2525b8440f4f2d0726
  custom:video-decoder-webm-vp8: 9c59270c3fd7afecdb556c50c9e8de78 -> 
  custom:SearchIndexIgnoredProperties: e643bd26f0fe6173181afceb89e7c659 -> 
  custom:AudioImporter_EditorPlatform: d09bf68614088b80899f8185d706f6e7 -> 
  custom:scripting/monoscript/fileName/SketchfabLogger.cs: 7105fafd508cda11b6a8f7034e1b3034 -> 7b6cca873491cd3a233deb85e4c0bc15
  custom:scripting/monoscript/fileName/Mainmenu.cs: 2f60e6d990560711ad781ddee9464730 -> acc109f9c9e710534379d56419b0ad46
  custom:video-encoder-webm-vp8: eb34c28f22e8b96e1ab97ce403110664 -> 
  custom:audio-decoder-ogg-vorbis: bf7c407c2cedff20999df2af8eb42d56 -> 
  custom:scripting/monoscript/fileName/SketchfabPlugin.cs: a33b669981ba467355c5da931cd84a2b -> 516f7c272b96363c033bc17962f26f4d
  custom:scripting/monoscript/fileName/sceneload.cs: 5ce9fb469a60c722e148f37800208389 -> 5c0816849d186432ffce5e360c37577f
  custom:scripting/monoscript/fileName/SketchfabUI.cs: 93703fa15254b9bc36851978aeb13d47 -> 713424e062a40db4ff9f340a54a3f75d
  custom:audio-encoder-webm-vorbis: bf7c407c2cedff20999df2af8eb42d56 -> 
  custom:scripting/monoscript/fileName/Optionpopup.cs: 5daa7b9d4e54041591cf9ca9bbb5f701 -> 
