Using pre-set license
Built from '2022.3/staging' branch; Version is '2022.3.50f1 (c3db7f8bf9b1) revision 12835711'; Using compiler version '192829333'; Build Type 'Release'
OS: 'Windows 11  (10.0.22631) 64bit CoreCountrySpecific' Language: 'zh' Physical Memory: 16121 MB
BatchMode: 1, IsHumanControllingUs: 0, StartBugReporterOnCrash: 0, Is64bit: 1, IsPro: 1

COMMAND LINE ARGUMENTS:
C:\Program Files (x86)\Unity Hub\Editor\2022.3.50f1\Editor\Unity.exe
-adb2
-batchMode
-noUpm
-name
AssetImportWorker5
-projectPath
D:/projects/unity/asm_project1
-logFile
Logs/AssetImportWorker5.log
-srvPort
62537
Successfully changed project path to: D:/projects/unity/asm_project1
D:/projects/unity/asm_project1
[UnityMemory] Configuration Parameters - Can be set up in boot.config
    "memorysetup-bucket-allocator-granularity=16"
    "memorysetup-bucket-allocator-bucket-count=8"
    "memorysetup-bucket-allocator-block-size=33554432"
    "memorysetup-bucket-allocator-block-count=8"
    "memorysetup-main-allocator-block-size=16777216"
    "memorysetup-thread-allocator-block-size=16777216"
    "memorysetup-gfx-main-allocator-block-size=16777216"
    "memorysetup-gfx-thread-allocator-block-size=16777216"
    "memorysetup-cache-allocator-block-size=4194304"
    "memorysetup-typetree-allocator-block-size=2097152"
    "memorysetup-profiler-bucket-allocator-granularity=16"
    "memorysetup-profiler-bucket-allocator-bucket-count=8"
    "memorysetup-profiler-bucket-allocator-block-size=33554432"
    "memorysetup-profiler-bucket-allocator-block-count=8"
    "memorysetup-profiler-allocator-block-size=16777216"
    "memorysetup-profiler-editor-allocator-block-size=1048576"
    "memorysetup-temp-allocator-size-main=16777216"
    "memorysetup-job-temp-allocator-block-size=2097152"
    "memorysetup-job-temp-allocator-block-size-background=1048576"
    "memorysetup-job-temp-allocator-reduction-small-platforms=262144"
    "memorysetup-allocator-temp-initial-block-size-main=262144"
    "memorysetup-allocator-temp-initial-block-size-worker=262144"
    "memorysetup-temp-allocator-size-background-worker=32768"
    "memorysetup-temp-allocator-size-job-worker=262144"
    "memorysetup-temp-allocator-size-preload-manager=33554432"
    "memorysetup-temp-allocator-size-nav-mesh-worker=65536"
    "memorysetup-temp-allocator-size-audio-worker=65536"
    "memorysetup-temp-allocator-size-cloud-worker=32768"
    "memorysetup-temp-allocator-size-gi-baking-worker=262144"
    "memorysetup-temp-allocator-size-gfx=262144"
Player connection [58884]  Target information:

Player connection [58884]  * "[IP] 10.2.68.147 [Port] 0 [Flags] 2 [Guid] 212163638 [EditorId] 212163638 [Version] 1048832 [Id] WindowsEditor(7,DESKTOP-CQL11RT) [Debug] 1 [PackageName] WindowsEditor [ProjectName] Editor" 

Player connection [58884] Host joined multi-casting on [225.0.0.222:54997]...
Player connection [58884] Host joined alternative multi-casting on [225.0.0.222:34997]...
[PhysX] Initialized MultithreadedTaskDispatcher with 32 workers.
Refreshing native plugins compatible for Editor in 7.82 ms, found 3 plugins.
Preloading 0 native plugins for Editor in 0.00 ms.
Initialize engine version: 2022.3.50f1 (c3db7f8bf9b1)
[Subsystems] Discovering subsystems at path C:/Program Files (x86)/Unity Hub/Editor/2022.3.50f1/Editor/Data/Resources/UnitySubsystems
[Subsystems] Discovering subsystems at path D:/projects/unity/asm_project1/Assets
GfxDevice: creating device client; threaded=0; jobified=0
Direct3D:
    Version:  Direct3D 11.0 [level 11.1]
    Renderer: NVIDIA GeForce RTX 4060 Laptop GPU (ID=0x28a0)
    Vendor:   NVIDIA
    VRAM:     7957 MB
    Driver:   31.0.15.5212
Initialize mono
Mono path[0] = 'C:/Program Files (x86)/Unity Hub/Editor/2022.3.50f1/Editor/Data/Managed'
Mono path[1] = 'C:/Program Files (x86)/Unity Hub/Editor/2022.3.50f1/Editor/Data/MonoBleedingEdge/lib/mono/unityjit-win32'
Mono config path = 'C:/Program Files (x86)/Unity Hub/Editor/2022.3.50f1/Editor/Data/MonoBleedingEdge/etc'
Using monoOptions --debugger-agent=transport=dt_socket,embedding=1,server=y,suspend=n,address=127.0.0.1:56940
Begin MonoManager ReloadAssembly
Registering precompiled unity dll's ...
Register platform support module: C:/Program Files (x86)/Unity Hub/Editor/2022.3.50f1/Editor/Data/PlaybackEngines/WebGLSupport/UnityEditor.WebGL.Extensions.dll
Register platform support module: C:/Program Files (x86)/Unity Hub/Editor/2022.3.50f1/Editor/Data/PlaybackEngines/WindowsStandaloneSupport/UnityEditor.WindowsStandalone.Extensions.dll
Registered in 0.003257 seconds.
- Loaded All Assemblies, in  0.214 seconds
Native extension for WindowsStandalone target not found
Native extension for WebGL target not found
Mono: successfully reloaded assembly
- Finished resetting the current domain, in  0.146 seconds
Domain Reload Profiling: 360ms
	BeginReloadAssembly (65ms)
		ExecutionOrderSort (0ms)
		DisableScriptedObjects (0ms)
		BackupInstance (0ms)
		ReleaseScriptingObjects (0ms)
		CreateAndSetChildDomain (1ms)
	RebuildCommonClasses (19ms)
	RebuildNativeTypeToScriptingClass (6ms)
	initialDomainReloadingComplete (35ms)
	LoadAllAssembliesAndSetupDomain (89ms)
		LoadAssemblies (64ms)
		RebuildTransferFunctionScriptingTraits (0ms)
		AnalyzeDomain (88ms)
			TypeCache.Refresh (87ms)
				TypeCache.ScanAssembly (77ms)
			ScanForSourceGeneratedMonoScriptInfo (0ms)
			ResolveRequiredComponents (1ms)
	FinalizeReload (146ms)
		ReleaseScriptCaches (0ms)
		RebuildScriptCaches (0ms)
		SetupLoadedEditorAssemblies (119ms)
			LogAssemblyErrors (0ms)
			InitializePlatformSupportModulesInManaged (5ms)
			SetLoadedEditorAssemblies (3ms)
			RefreshPlugins (0ms)
			BeforeProcessingInitializeOnLoad (1ms)
			ProcessInitializeOnLoadAttributes (82ms)
			ProcessInitializeOnLoadMethodAttributes (28ms)
			AfterProcessingInitializeOnLoad (0ms)
			EditorAssembliesLoaded (0ms)
		ExecutionOrderSort2 (0ms)
		AwakeInstancesAfterBackupRestoration (0ms)
========================================================================
Worker process is ready to serve import requests
Caller must complete domain reload
Begin MonoManager ReloadAssembly
- Loaded All Assemblies, in  0.425 seconds
Native extension for WindowsStandalone target not found
Native extension for WebGL target not found
Package Manager log level set to [2]
[Package Manager] Server::EnsureServerProcessIsRunning -- launch failed, reason: Unity was launched with the -noUpm command-line argument
[Package Manager] UpmClient::Send -- Unable to send message (not connected to UPM process).
[Package Manager] Cannot connect to Unity Package Manager local server
Mono: successfully reloaded assembly
- Finished resetting the current domain, in  0.370 seconds
Domain Reload Profiling: 795ms
	BeginReloadAssembly (87ms)
		ExecutionOrderSort (0ms)
		DisableScriptedObjects (3ms)
		BackupInstance (0ms)
		ReleaseScriptingObjects (0ms)
		CreateAndSetChildDomain (12ms)
	RebuildCommonClasses (18ms)
	RebuildNativeTypeToScriptingClass (6ms)
	initialDomainReloadingComplete (41ms)
	LoadAllAssembliesAndSetupDomain (273ms)
		LoadAssemblies (210ms)
		RebuildTransferFunctionScriptingTraits (0ms)
		AnalyzeDomain (115ms)
			TypeCache.Refresh (101ms)
				TypeCache.ScanAssembly (90ms)
			ScanForSourceGeneratedMonoScriptInfo (9ms)
			ResolveRequiredComponents (3ms)
	FinalizeReload (371ms)
		ReleaseScriptCaches (0ms)
		RebuildScriptCaches (0ms)
		SetupLoadedEditorAssemblies (297ms)
			LogAssemblyErrors (0ms)
			InitializePlatformSupportModulesInManaged (4ms)
			SetLoadedEditorAssemblies (2ms)
			RefreshPlugins (0ms)
			BeforeProcessingInitializeOnLoad (32ms)
			ProcessInitializeOnLoadAttributes (246ms)
			ProcessInitializeOnLoadMethodAttributes (10ms)
			AfterProcessingInitializeOnLoad (2ms)
			EditorAssembliesLoaded (0ms)
		ExecutionOrderSort2 (0ms)
		AwakeInstancesAfterBackupRestoration (3ms)
Launched and connected shader compiler UnityShaderCompiler.exe after 0.05 seconds
Refreshing native plugins compatible for Editor in 1.74 ms, found 3 plugins.
Preloading 0 native plugins for Editor in 0.00 ms.
Unloading 3698 Unused Serialized files (Serialized files now loaded: 0)
Unloading 37 unused Assets / (129.8 KB). Loaded Objects now: 4167.
Memory consumption went from 137.6 MB to 137.4 MB.
Total: 2.442100 ms (FindLiveObjects: 0.158900 ms CreateObjectMapping: 0.052900 ms MarkObjects: 2.150900 ms  DeleteObjects: 0.078800 ms)

AssetImportParameters requested are different than current active one (requested -> active):
  custom:scripting/monoscript/fileName/SketchfabBrowserManager.cs: 3a3500ade241f197f176172bbd6c2298 -> 58045900bcc0ea9411b0a211696ee59b
  custom:scripting/monoscript/fileName/SketchfabImporter.cs: aced4ec5d355e9bf44c9b4efee9a6b26 -> 9e76ddd789c0c8770617987be20c09cd
  custom:container-demuxer-ogg: 62fdf1f143b41e24485cea50d1cbac27 -> 
  custom:video-codec-MediaFoundation-h265: 746d11721c4dcdbdad8f713fa42b33f4 -> 
  custom:video-decoder-ogg-theora: a1e56fd34408186e4bbccfd4996cb3dc -> 
  custom:scripting/monoscript/fileName/SketchfabImporterWindow.cs: a1111a8d8ba16649668666546449cf3f -> e033d49dd18bd7acecc9a08cbd5e7f64
  custom:scripting/monoscript/fileName/SketchfabApi.cs: 8b7c3f7c6cf17f6decedf77d8f970842 -> d8e25357dbae427805b6693cb23d7b96
  custom:framework-win-MediaFoundation: 216162199b28c13a410421893ffa2e32 -> 
  custom:scripting/monoscript/fileName/Resizer.cs: 1d4b77bbfdbeda3e2b9e62bc1209c924 -> 0d8c9844c44a9da009572f975ba7f40b
  custom:scripting/monoscript/fileName/move_iceberg.cs: 1c523457f0ca469a2f1533fd532025a2 -> 6c4276b0003c31e29ffeaf99cef1cc57
  custom:CustomObjectIndexerAttribute: 9a22284fe3817be447336de3de66b15e -> 
  custom:scripting/monoscript/fileName/SketchfabExporter.cs: 8e8801c81dd390acdb380b6395bc0ba3 -> 193dea1e6554dc5211188980f689acec
  custom:container-demuxer-webm: 4f35f7cbe854078d1ac9338744f61a02 -> 
  custom:scripting/monoscript/fileName/SketchfabModelWindow.cs: 4dc5849476514b01465137f1507f3eeb -> 12e26065952d174d5eab2da2c013d2e1
  custom:scripting/monoscript/fileName/icebergMove.cs: 6c4276b0003c31e29ffeaf99cef1cc57 -> 
  custom:container-muxer-webm: aa71ff27fc2769a1b78a27578f13a17b -> 
  custom:scripting/monoscript/fileName/SketchfabBrowserWindow.cs: c1898a6cd8dd440157cdd96cbbc57313 -> 758c656e608d3a2525b8440f4f2d0726
  custom:video-decoder-webm-vp8: 9c59270c3fd7afecdb556c50c9e8de78 -> 
  custom:SearchIndexIgnoredProperties: e643bd26f0fe6173181afceb89e7c659 -> 
  custom:AudioImporter_EditorPlatform: d09bf68614088b80899f8185d706f6e7 -> 
  custom:scripting/monoscript/fileName/SketchfabLogger.cs: 7105fafd508cda11b6a8f7034e1b3034 -> 7b6cca873491cd3a233deb85e4c0bc15
  custom:scripting/monoscript/fileName/Mainmenu.cs: 2f60e6d990560711ad781ddee9464730 -> acc109f9c9e710534379d56419b0ad46
  custom:video-encoder-webm-vp8: eb34c28f22e8b96e1ab97ce403110664 -> 
  custom:audio-decoder-ogg-vorbis: bf7c407c2cedff20999df2af8eb42d56 -> 
  custom:scripting/monoscript/fileName/SketchfabPlugin.cs: a33b669981ba467355c5da931cd84a2b -> 516f7c272b96363c033bc17962f26f4d
  custom:scripting/monoscript/fileName/sceneload.cs: 5ce9fb469a60c722e148f37800208389 -> 5c0816849d186432ffce5e360c37577f
  custom:scripting/monoscript/fileName/SketchfabUI.cs: 93703fa15254b9bc36851978aeb13d47 -> 713424e062a40db4ff9f340a54a3f75d
  custom:audio-encoder-webm-vorbis: bf7c407c2cedff20999df2af8eb42d56 -> 
  custom:scripting/monoscript/fileName/Optionpopup.cs: 5daa7b9d4e54041591cf9ca9bbb5f701 -> 
========================================================================
Received Import Request.
  Time since last request: 874924.342127 seconds.
  path: Assets/TextMesh Pro/Resources/Fonts & Materials/LiberationSans SDF.asset
  artifactKey: Guid(8f586378b4e144a9851e7b34d9b748ee) Importer(815301076,1909f56bfc062723c751e8b465ee728b)
Start importing Assets/TextMesh Pro/Resources/Fonts & Materials/LiberationSans SDF.asset using Guid(8f586378b4e144a9851e7b34d9b748ee) Importer(815301076,1909f56bfc062723c751e8b465ee728b) [PhysX] Initialized MultithreadedTaskDispatcher with 32 workers.
[PhysX] Initialized MultithreadedTaskDispatcher with 32 workers.
[PhysX] Initialized MultithreadedTaskDispatcher with 32 workers.
 -> (artifact id: '382516e03bb464b23ecdbbbd7d19e624') in 0.128026 seconds
Number of updated asset objects reloaded before import = 0
Number of asset objects unloaded after import = 9
========================================================================
Received Import Request.
  Time since last request: 66.837641 seconds.
  path: Assets/TextMesh Pro/Resources/Fonts & Materials/LiberationSans SDF - Fallback.asset
  artifactKey: Guid(2e498d1c8094910479dc3e1b768306a4) Importer(815301076,1909f56bfc062723c751e8b465ee728b)
Start importing Assets/TextMesh Pro/Resources/Fonts & Materials/LiberationSans SDF - Fallback.asset using Guid(2e498d1c8094910479dc3e1b768306a4) Importer(815301076,1909f56bfc062723c751e8b465ee728b) [PhysX] Initialized MultithreadedTaskDispatcher with 32 workers.
[PhysX] Initialized MultithreadedTaskDispatcher with 32 workers.
[PhysX] Initialized MultithreadedTaskDispatcher with 32 workers.
 -> (artifact id: '02de02c368f2da0774dce83cdb2a5a99') in 0.029762 seconds
Number of updated asset objects reloaded before import = 0
Number of asset objects unloaded after import = 6
========================================================================
Received Prepare
Caller must complete domain reload
Begin MonoManager ReloadAssembly
- Loaded All Assemblies, in  0.295 seconds
Native extension for WindowsStandalone target not found
Native extension for WebGL target not found
[Package Manager] Server::EnsureServerProcessIsRunning -- launch failed, reason: Unity was launched with the -noUpm command-line argument
[Package Manager] UpmClient::Send -- Unable to send message (not connected to UPM process).
[Package Manager] Cannot connect to Unity Package Manager local server
Mono: successfully reloaded assembly
- Finished resetting the current domain, in  0.482 seconds
Domain Reload Profiling: 776ms
	BeginReloadAssembly (96ms)
		ExecutionOrderSort (0ms)
		DisableScriptedObjects (2ms)
		BackupInstance (0ms)
		ReleaseScriptingObjects (0ms)
		CreateAndSetChildDomain (22ms)
	RebuildCommonClasses (18ms)
	RebuildNativeTypeToScriptingClass (6ms)
	initialDomainReloadingComplete (34ms)
	LoadAllAssembliesAndSetupDomain (140ms)
		LoadAssemblies (168ms)
		RebuildTransferFunctionScriptingTraits (0ms)
		AnalyzeDomain (18ms)
			TypeCache.Refresh (6ms)
				TypeCache.ScanAssembly (0ms)
			ScanForSourceGeneratedMonoScriptInfo (8ms)
			ResolveRequiredComponents (3ms)
	FinalizeReload (482ms)
		ReleaseScriptCaches (0ms)
		RebuildScriptCaches (0ms)
		SetupLoadedEditorAssemblies (284ms)
			LogAssemblyErrors (0ms)
			InitializePlatformSupportModulesInManaged (3ms)
			SetLoadedEditorAssemblies (2ms)
			RefreshPlugins (0ms)
			BeforeProcessingInitializeOnLoad (31ms)
			ProcessInitializeOnLoadAttributes (233ms)
			ProcessInitializeOnLoadMethodAttributes (11ms)
			AfterProcessingInitializeOnLoad (3ms)
			EditorAssembliesLoaded (0ms)
		ExecutionOrderSort2 (0ms)
		AwakeInstancesAfterBackupRestoration (3ms)
Refreshing native plugins compatible for Editor in 1.45 ms, found 3 plugins.
Preloading 0 native plugins for Editor in 0.00 ms.
Unloading 3674 Unused Serialized files (Serialized files now loaded: 0)
Unloading 18 unused Assets / (101.5 KB). Loaded Objects now: 4228.
Memory consumption went from 137.2 MB to 137.1 MB.
Total: 2.019400 ms (FindLiveObjects: 0.162700 ms CreateObjectMapping: 0.044000 ms MarkObjects: 1.777500 ms  DeleteObjects: 0.033800 ms)

Prepare: number of updated asset objects reloaded= 0
AssetImportParameters requested are different than current active one (requested -> active):
  custom:scripting/monoscript/fileName/SketchfabBrowserManager.cs: 3a3500ade241f197f176172bbd6c2298 -> 58045900bcc0ea9411b0a211696ee59b
  custom:scripting/monoscript/fileName/SketchfabImporter.cs: aced4ec5d355e9bf44c9b4efee9a6b26 -> 9e76ddd789c0c8770617987be20c09cd
  custom:container-demuxer-ogg: 62fdf1f143b41e24485cea50d1cbac27 -> 
  custom:video-codec-MediaFoundation-h265: 746d11721c4dcdbdad8f713fa42b33f4 -> 
  custom:video-decoder-ogg-theora: a1e56fd34408186e4bbccfd4996cb3dc -> 
  custom:scripting/monoscript/fileName/SketchfabImporterWindow.cs: a1111a8d8ba16649668666546449cf3f -> e033d49dd18bd7acecc9a08cbd5e7f64
  custom:scripting/monoscript/fileName/SketchfabApi.cs: 8b7c3f7c6cf17f6decedf77d8f970842 -> d8e25357dbae427805b6693cb23d7b96
  custom:framework-win-MediaFoundation: 216162199b28c13a410421893ffa2e32 -> 
  custom:scripting/monoscript/fileName/Resizer.cs: 1d4b77bbfdbeda3e2b9e62bc1209c924 -> 0d8c9844c44a9da009572f975ba7f40b
  custom:scripting/monoscript/fileName/move_iceberg.cs: 1c523457f0ca469a2f1533fd532025a2 -> 6c4276b0003c31e29ffeaf99cef1cc57
  custom:CustomObjectIndexerAttribute: 9a22284fe3817be447336de3de66b15e -> 
  custom:scripting/monoscript/fileName/SketchfabExporter.cs: 8e8801c81dd390acdb380b6395bc0ba3 -> 193dea1e6554dc5211188980f689acec
  custom:container-demuxer-webm: 4f35f7cbe854078d1ac9338744f61a02 -> 
  custom:scripting/monoscript/fileName/SketchfabModelWindow.cs: 4dc5849476514b01465137f1507f3eeb -> 12e26065952d174d5eab2da2c013d2e1
  custom:scripting/monoscript/fileName/icebergMove.cs: 6c4276b0003c31e29ffeaf99cef1cc57 -> 
  custom:container-muxer-webm: aa71ff27fc2769a1b78a27578f13a17b -> 
  custom:scripting/monoscript/fileName/SketchfabBrowserWindow.cs: c1898a6cd8dd440157cdd96cbbc57313 -> 758c656e608d3a2525b8440f4f2d0726
  custom:video-decoder-webm-vp8: 9c59270c3fd7afecdb556c50c9e8de78 -> 
  custom:SearchIndexIgnoredProperties: e643bd26f0fe6173181afceb89e7c659 -> 
  custom:AudioImporter_EditorPlatform: d09bf68614088b80899f8185d706f6e7 -> 
  custom:scripting/monoscript/fileName/SketchfabLogger.cs: 7105fafd508cda11b6a8f7034e1b3034 -> 7b6cca873491cd3a233deb85e4c0bc15
  custom:scripting/monoscript/fileName/Mainmenu.cs: 2f60e6d990560711ad781ddee9464730 -> acc109f9c9e710534379d56419b0ad46
  custom:video-encoder-webm-vp8: eb34c28f22e8b96e1ab97ce403110664 -> 
  custom:audio-decoder-ogg-vorbis: bf7c407c2cedff20999df2af8eb42d56 -> 
  custom:scripting/monoscript/fileName/SketchfabPlugin.cs: a33b669981ba467355c5da931cd84a2b -> 516f7c272b96363c033bc17962f26f4d
  custom:scripting/monoscript/fileName/sceneload.cs: 5ce9fb469a60c722e148f37800208389 -> 5c0816849d186432ffce5e360c37577f
  custom:scripting/monoscript/fileName/SketchfabUI.cs: 93703fa15254b9bc36851978aeb13d47 -> 713424e062a40db4ff9f340a54a3f75d
  custom:audio-encoder-webm-vorbis: bf7c407c2cedff20999df2af8eb42d56 -> 
  custom:scripting/monoscript/fileName/Optionpopup.cs: 5daa7b9d4e54041591cf9ca9bbb5f701 -> 
========================================================================
Received Prepare
Caller must complete domain reload
Begin MonoManager ReloadAssembly
- Loaded All Assemblies, in  0.285 seconds
Native extension for WindowsStandalone target not found
Native extension for WebGL target not found
[Package Manager] Server::EnsureServerProcessIsRunning -- launch failed, reason: Unity was launched with the -noUpm command-line argument
[Package Manager] UpmClient::Send -- Unable to send message (not connected to UPM process).
[Package Manager] Cannot connect to Unity Package Manager local server
Mono: successfully reloaded assembly
- Finished resetting the current domain, in  0.509 seconds
Domain Reload Profiling: 794ms
	BeginReloadAssembly (93ms)
		ExecutionOrderSort (0ms)
		DisableScriptedObjects (2ms)
		BackupInstance (0ms)
		ReleaseScriptingObjects (0ms)
		CreateAndSetChildDomain (21ms)
	RebuildCommonClasses (18ms)
	RebuildNativeTypeToScriptingClass (6ms)
	initialDomainReloadingComplete (35ms)
	LoadAllAssembliesAndSetupDomain (133ms)
		LoadAssemblies (170ms)
		RebuildTransferFunctionScriptingTraits (0ms)
		AnalyzeDomain (9ms)
			TypeCache.Refresh (4ms)
				TypeCache.ScanAssembly (0ms)
			ScanForSourceGeneratedMonoScriptInfo (0ms)
			ResolveRequiredComponents (4ms)
	FinalizeReload (509ms)
		ReleaseScriptCaches (0ms)
		RebuildScriptCaches (0ms)
		SetupLoadedEditorAssemblies (309ms)
			LogAssemblyErrors (0ms)
			InitializePlatformSupportModulesInManaged (4ms)
			SetLoadedEditorAssemblies (2ms)
			RefreshPlugins (0ms)
			BeforeProcessingInitializeOnLoad (32ms)
			ProcessInitializeOnLoadAttributes (257ms)
			ProcessInitializeOnLoadMethodAttributes (12ms)
			AfterProcessingInitializeOnLoad (3ms)
			EditorAssembliesLoaded (0ms)
		ExecutionOrderSort2 (0ms)
		AwakeInstancesAfterBackupRestoration (3ms)
Refreshing native plugins compatible for Editor in 1.88 ms, found 3 plugins.
Preloading 0 native plugins for Editor in 0.00 ms.
Unloading 3674 Unused Serialized files (Serialized files now loaded: 0)
Unloading 18 unused Assets / (101.4 KB). Loaded Objects now: 4243.
Memory consumption went from 137.5 MB to 137.4 MB.
Total: 2.543500 ms (FindLiveObjects: 0.208000 ms CreateObjectMapping: 0.080100 ms MarkObjects: 2.151100 ms  DeleteObjects: 0.103600 ms)

Prepare: number of updated asset objects reloaded= 0
AssetImportParameters requested are different than current active one (requested -> active):
  custom:scripting/monoscript/fileName/SketchfabBrowserManager.cs: 3a3500ade241f197f176172bbd6c2298 -> 58045900bcc0ea9411b0a211696ee59b
  custom:scripting/monoscript/fileName/SketchfabImporter.cs: aced4ec5d355e9bf44c9b4efee9a6b26 -> 9e76ddd789c0c8770617987be20c09cd
  custom:container-demuxer-ogg: 62fdf1f143b41e24485cea50d1cbac27 -> 
  custom:video-codec-MediaFoundation-h265: 746d11721c4dcdbdad8f713fa42b33f4 -> 
  custom:video-decoder-ogg-theora: a1e56fd34408186e4bbccfd4996cb3dc -> 
  custom:scripting/monoscript/fileName/SketchfabImporterWindow.cs: a1111a8d8ba16649668666546449cf3f -> e033d49dd18bd7acecc9a08cbd5e7f64
  custom:scripting/monoscript/fileName/SketchfabApi.cs: 8b7c3f7c6cf17f6decedf77d8f970842 -> d8e25357dbae427805b6693cb23d7b96
  custom:framework-win-MediaFoundation: 216162199b28c13a410421893ffa2e32 -> 
  custom:scripting/monoscript/fileName/Resizer.cs: 1d4b77bbfdbeda3e2b9e62bc1209c924 -> 0d8c9844c44a9da009572f975ba7f40b
  custom:scripting/monoscript/fileName/move_iceberg.cs: 1c523457f0ca469a2f1533fd532025a2 -> 6c4276b0003c31e29ffeaf99cef1cc57
  custom:CustomObjectIndexerAttribute: 9a22284fe3817be447336de3de66b15e -> 
  custom:scripting/monoscript/fileName/SketchfabExporter.cs: 8e8801c81dd390acdb380b6395bc0ba3 -> 193dea1e6554dc5211188980f689acec
  custom:container-demuxer-webm: 4f35f7cbe854078d1ac9338744f61a02 -> 
  custom:scripting/monoscript/fileName/SketchfabModelWindow.cs: 4dc5849476514b01465137f1507f3eeb -> 12e26065952d174d5eab2da2c013d2e1
  custom:scripting/monoscript/fileName/icebergMove.cs: 6c4276b0003c31e29ffeaf99cef1cc57 -> 
  custom:container-muxer-webm: aa71ff27fc2769a1b78a27578f13a17b -> 
  custom:scripting/monoscript/fileName/SketchfabBrowserWindow.cs: c1898a6cd8dd440157cdd96cbbc57313 -> 758c656e608d3a2525b8440f4f2d0726
  custom:video-decoder-webm-vp8: 9c59270c3fd7afecdb556c50c9e8de78 -> 
  custom:SearchIndexIgnoredProperties: e643bd26f0fe6173181afceb89e7c659 -> 
  custom:AudioImporter_EditorPlatform: d09bf68614088b80899f8185d706f6e7 -> 
  custom:scripting/monoscript/fileName/SketchfabLogger.cs: 7105fafd508cda11b6a8f7034e1b3034 -> 7b6cca873491cd3a233deb85e4c0bc15
  custom:scripting/monoscript/fileName/Mainmenu.cs: 2f60e6d990560711ad781ddee9464730 -> acc109f9c9e710534379d56419b0ad46
  custom:video-encoder-webm-vp8: eb34c28f22e8b96e1ab97ce403110664 -> 
  custom:audio-decoder-ogg-vorbis: bf7c407c2cedff20999df2af8eb42d56 -> 
  custom:scripting/monoscript/fileName/SketchfabPlugin.cs: a33b669981ba467355c5da931cd84a2b -> 516f7c272b96363c033bc17962f26f4d
  custom:scripting/monoscript/fileName/sceneload.cs: 5ce9fb469a60c722e148f37800208389 -> 5c0816849d186432ffce5e360c37577f
  custom:scripting/monoscript/fileName/SketchfabUI.cs: 93703fa15254b9bc36851978aeb13d47 -> 713424e062a40db4ff9f340a54a3f75d
  custom:audio-encoder-webm-vorbis: bf7c407c2cedff20999df2af8eb42d56 -> 
  custom:scripting/monoscript/fileName/Optionpopup.cs: 5daa7b9d4e54041591cf9ca9bbb5f701 -> 
========================================================================
Received Import Request.
  Time since last request: 816.557906 seconds.
  path: Assets/Script/PlayerController.cs
  artifactKey: Guid(f791cd236be20a544ada19f88478ad32) Importer(815301076,1909f56bfc062723c751e8b465ee728b)
Start importing Assets/Script/PlayerController.cs using Guid(f791cd236be20a544ada19f88478ad32) Importer(815301076,1909f56bfc062723c751e8b465ee728b) [PhysX] Initialized MultithreadedTaskDispatcher with 32 workers.
 -> (artifact id: '2cb41061bb9090ef150071f8759d6005') in 0.004579 seconds
Number of updated asset objects reloaded before import = 0
Number of asset objects unloaded after import = 0
========================================================================
Received Import Request.
  Time since last request: 1012.816032 seconds.
  path: Assets/Script/move_iceberg.cs
  artifactKey: Guid(63a568b305d2e7442885389d60c74b24) Importer(815301076,1909f56bfc062723c751e8b465ee728b)
Start importing Assets/Script/move_iceberg.cs using Guid(63a568b305d2e7442885389d60c74b24) Importer(815301076,1909f56bfc062723c751e8b465ee728b) [PhysX] Initialized MultithreadedTaskDispatcher with 32 workers.
 -> (artifact id: '1fc013e45fecbd2db50a767bfa94f40e') in 0.000666 seconds
Number of updated asset objects reloaded before import = 0
Number of asset objects unloaded after import = 0
========================================================================
Received Prepare
Caller must complete domain reload
Begin MonoManager ReloadAssembly
- Loaded All Assemblies, in  0.359 seconds
Native extension for WindowsStandalone target not found
Native extension for WebGL target not found
[Package Manager] Server::EnsureServerProcessIsRunning -- launch failed, reason: Unity was launched with the -noUpm command-line argument
[Package Manager] UpmClient::Send -- Unable to send message (not connected to UPM process).
[Package Manager] Cannot connect to Unity Package Manager local server
Mono: successfully reloaded assembly
- Finished resetting the current domain, in  0.812 seconds
Domain Reload Profiling: 1171ms
	BeginReloadAssembly (117ms)
		ExecutionOrderSort (0ms)
		DisableScriptedObjects (3ms)
		BackupInstance (0ms)
		ReleaseScriptingObjects (0ms)
		CreateAndSetChildDomain (29ms)
	RebuildCommonClasses (20ms)
	RebuildNativeTypeToScriptingClass (7ms)
	initialDomainReloadingComplete (38ms)
	LoadAllAssembliesAndSetupDomain (176ms)
		LoadAssemblies (228ms)
		RebuildTransferFunctionScriptingTraits (0ms)
		AnalyzeDomain (11ms)
			TypeCache.Refresh (5ms)
				TypeCache.ScanAssembly (0ms)
			ScanForSourceGeneratedMonoScriptInfo (0ms)
			ResolveRequiredComponents (4ms)
	FinalizeReload (812ms)
		ReleaseScriptCaches (0ms)
		RebuildScriptCaches (0ms)
		SetupLoadedEditorAssemblies (337ms)
			LogAssemblyErrors (0ms)
			InitializePlatformSupportModulesInManaged (4ms)
			SetLoadedEditorAssemblies (2ms)
			RefreshPlugins (0ms)
			BeforeProcessingInitializeOnLoad (36ms)
			ProcessInitializeOnLoadAttributes (280ms)
			ProcessInitializeOnLoadMethodAttributes (11ms)
			AfterProcessingInitializeOnLoad (4ms)
			EditorAssembliesLoaded (0ms)
		ExecutionOrderSort2 (0ms)
		AwakeInstancesAfterBackupRestoration (3ms)
Refreshing native plugins compatible for Editor in 2.24 ms, found 3 plugins.
Preloading 0 native plugins for Editor in 0.00 ms.
Unloading 3673 Unused Serialized files (Serialized files now loaded: 0)
Unloading 18 unused Assets / (101.4 KB). Loaded Objects now: 4258.
Memory consumption went from 137.2 MB to 137.1 MB.
Total: 3.526100 ms (FindLiveObjects: 0.190500 ms CreateObjectMapping: 0.049700 ms MarkObjects: 3.191900 ms  DeleteObjects: 0.092800 ms)

Prepare: number of updated asset objects reloaded= 0
AssetImportParameters requested are different than current active one (requested -> active):
  custom:scripting/monoscript/fileName/SketchfabBrowserManager.cs: 3a3500ade241f197f176172bbd6c2298 -> 58045900bcc0ea9411b0a211696ee59b
  custom:scripting/monoscript/fileName/SketchfabImporter.cs: aced4ec5d355e9bf44c9b4efee9a6b26 -> 9e76ddd789c0c8770617987be20c09cd
  custom:container-demuxer-ogg: 62fdf1f143b41e24485cea50d1cbac27 -> 
  custom:video-codec-MediaFoundation-h265: 746d11721c4dcdbdad8f713fa42b33f4 -> 
  custom:video-decoder-ogg-theora: a1e56fd34408186e4bbccfd4996cb3dc -> 
  custom:scripting/monoscript/fileName/SketchfabImporterWindow.cs: a1111a8d8ba16649668666546449cf3f -> e033d49dd18bd7acecc9a08cbd5e7f64
  custom:scripting/monoscript/fileName/SketchfabApi.cs: 8b7c3f7c6cf17f6decedf77d8f970842 -> d8e25357dbae427805b6693cb23d7b96
  custom:framework-win-MediaFoundation: 216162199b28c13a410421893ffa2e32 -> 
  custom:scripting/monoscript/fileName/Resizer.cs: 1d4b77bbfdbeda3e2b9e62bc1209c924 -> 0d8c9844c44a9da009572f975ba7f40b
  custom:scripting/monoscript/fileName/move_iceberg.cs: 1c523457f0ca469a2f1533fd532025a2 -> 6c4276b0003c31e29ffeaf99cef1cc57
  custom:CustomObjectIndexerAttribute: 9a22284fe3817be447336de3de66b15e -> 
  custom:scripting/monoscript/fileName/SketchfabExporter.cs: 8e8801c81dd390acdb380b6395bc0ba3 -> 193dea1e6554dc5211188980f689acec
  custom:container-demuxer-webm: 4f35f7cbe854078d1ac9338744f61a02 -> 
  custom:scripting/monoscript/fileName/SketchfabModelWindow.cs: 4dc5849476514b01465137f1507f3eeb -> 12e26065952d174d5eab2da2c013d2e1
  custom:scripting/monoscript/fileName/icebergMove.cs: 6c4276b0003c31e29ffeaf99cef1cc57 -> 
  custom:container-muxer-webm: aa71ff27fc2769a1b78a27578f13a17b -> 
  custom:scripting/monoscript/fileName/SketchfabBrowserWindow.cs: c1898a6cd8dd440157cdd96cbbc57313 -> 758c656e608d3a2525b8440f4f2d0726
  custom:video-decoder-webm-vp8: 9c59270c3fd7afecdb556c50c9e8de78 -> 
  custom:SearchIndexIgnoredProperties: e643bd26f0fe6173181afceb89e7c659 -> 
  custom:AudioImporter_EditorPlatform: d09bf68614088b80899f8185d706f6e7 -> 
  custom:scripting/monoscript/fileName/SketchfabLogger.cs: 7105fafd508cda11b6a8f7034e1b3034 -> 7b6cca873491cd3a233deb85e4c0bc15
  custom:scripting/monoscript/fileName/Mainmenu.cs: 2f60e6d990560711ad781ddee9464730 -> acc109f9c9e710534379d56419b0ad46
  custom:video-encoder-webm-vp8: eb34c28f22e8b96e1ab97ce403110664 -> 
  custom:audio-decoder-ogg-vorbis: bf7c407c2cedff20999df2af8eb42d56 -> 
  custom:scripting/monoscript/fileName/SketchfabPlugin.cs: a33b669981ba467355c5da931cd84a2b -> 516f7c272b96363c033bc17962f26f4d
  custom:scripting/monoscript/fileName/sceneload.cs: 5ce9fb469a60c722e148f37800208389 -> 5c0816849d186432ffce5e360c37577f
  custom:scripting/monoscript/fileName/SketchfabUI.cs: 93703fa15254b9bc36851978aeb13d47 -> 713424e062a40db4ff9f340a54a3f75d
  custom:audio-encoder-webm-vorbis: bf7c407c2cedff20999df2af8eb42d56 -> 
  custom:scripting/monoscript/fileName/Optionpopup.cs: 5daa7b9d4e54041591cf9ca9bbb5f701 -> 
========================================================================
Received Prepare
Caller must complete domain reload
Begin MonoManager ReloadAssembly
- Loaded All Assemblies, in  0.625 seconds
Native extension for WindowsStandalone target not found
Native extension for WebGL target not found
[Package Manager] Server::EnsureServerProcessIsRunning -- launch failed, reason: Unity was launched with the -noUpm command-line argument
[Package Manager] UpmClient::Send -- Unable to send message (not connected to UPM process).
[Package Manager] Cannot connect to Unity Package Manager local server
Mono: successfully reloaded assembly
- Finished resetting the current domain, in  1.458 seconds
Domain Reload Profiling: 2082ms
	BeginReloadAssembly (198ms)
		ExecutionOrderSort (0ms)
		DisableScriptedObjects (6ms)
		BackupInstance (0ms)
		ReleaseScriptingObjects (0ms)
		CreateAndSetChildDomain (37ms)
	RebuildCommonClasses (37ms)
	RebuildNativeTypeToScriptingClass (15ms)
	initialDomainReloadingComplete (77ms)
	LoadAllAssembliesAndSetupDomain (296ms)
		LoadAssemblies (396ms)
		RebuildTransferFunctionScriptingTraits (0ms)
		AnalyzeDomain (18ms)
			TypeCache.Refresh (7ms)
				TypeCache.ScanAssembly (0ms)
			ScanForSourceGeneratedMonoScriptInfo (0ms)
			ResolveRequiredComponents (9ms)
	FinalizeReload (1459ms)
		ReleaseScriptCaches (0ms)
		RebuildScriptCaches (0ms)
		SetupLoadedEditorAssemblies (921ms)
			LogAssemblyErrors (0ms)
			InitializePlatformSupportModulesInManaged (12ms)
			SetLoadedEditorAssemblies (5ms)
			RefreshPlugins (0ms)
			BeforeProcessingInitializeOnLoad (72ms)
			ProcessInitializeOnLoadAttributes (764ms)
			ProcessInitializeOnLoadMethodAttributes (54ms)
			AfterProcessingInitializeOnLoad (13ms)
			EditorAssembliesLoaded (0ms)
		ExecutionOrderSort2 (0ms)
		AwakeInstancesAfterBackupRestoration (16ms)
Refreshing native plugins compatible for Editor in 3.90 ms, found 3 plugins.
Preloading 0 native plugins for Editor in 0.00 ms.
Unloading 3674 Unused Serialized files (Serialized files now loaded: 0)
Unloading 18 unused Assets / (101.4 KB). Loaded Objects now: 4273.
Memory consumption went from 137.5 MB to 137.4 MB.
Total: 9.218900 ms (FindLiveObjects: 0.642900 ms CreateObjectMapping: 0.208900 ms MarkObjects: 8.245800 ms  DeleteObjects: 0.118400 ms)

Prepare: number of updated asset objects reloaded= 0
AssetImportParameters requested are different than current active one (requested -> active):
  custom:scripting/monoscript/fileName/SketchfabBrowserManager.cs: 3a3500ade241f197f176172bbd6c2298 -> 58045900bcc0ea9411b0a211696ee59b
  custom:scripting/monoscript/fileName/SketchfabImporter.cs: aced4ec5d355e9bf44c9b4efee9a6b26 -> 9e76ddd789c0c8770617987be20c09cd
  custom:container-demuxer-ogg: 62fdf1f143b41e24485cea50d1cbac27 -> 
  custom:video-codec-MediaFoundation-h265: 746d11721c4dcdbdad8f713fa42b33f4 -> 
  custom:video-decoder-ogg-theora: a1e56fd34408186e4bbccfd4996cb3dc -> 
  custom:scripting/monoscript/fileName/SketchfabImporterWindow.cs: a1111a8d8ba16649668666546449cf3f -> e033d49dd18bd7acecc9a08cbd5e7f64
  custom:scripting/monoscript/fileName/SketchfabApi.cs: 8b7c3f7c6cf17f6decedf77d8f970842 -> d8e25357dbae427805b6693cb23d7b96
  custom:framework-win-MediaFoundation: 216162199b28c13a410421893ffa2e32 -> 
  custom:scripting/monoscript/fileName/Resizer.cs: 1d4b77bbfdbeda3e2b9e62bc1209c924 -> 0d8c9844c44a9da009572f975ba7f40b
  custom:scripting/monoscript/fileName/move_iceberg.cs: 1c523457f0ca469a2f1533fd532025a2 -> 6c4276b0003c31e29ffeaf99cef1cc57
  custom:CustomObjectIndexerAttribute: 9a22284fe3817be447336de3de66b15e -> 
  custom:scripting/monoscript/fileName/SketchfabExporter.cs: 8e8801c81dd390acdb380b6395bc0ba3 -> 193dea1e6554dc5211188980f689acec
  custom:container-demuxer-webm: 4f35f7cbe854078d1ac9338744f61a02 -> 
  custom:scripting/monoscript/fileName/SketchfabModelWindow.cs: 4dc5849476514b01465137f1507f3eeb -> 12e26065952d174d5eab2da2c013d2e1
  custom:scripting/monoscript/fileName/icebergMove.cs: 6c4276b0003c31e29ffeaf99cef1cc57 -> 
  custom:container-muxer-webm: aa71ff27fc2769a1b78a27578f13a17b -> 
  custom:scripting/monoscript/fileName/SketchfabBrowserWindow.cs: c1898a6cd8dd440157cdd96cbbc57313 -> 758c656e608d3a2525b8440f4f2d0726
  custom:video-decoder-webm-vp8: 9c59270c3fd7afecdb556c50c9e8de78 -> 
  custom:SearchIndexIgnoredProperties: e643bd26f0fe6173181afceb89e7c659 -> 
  custom:AudioImporter_EditorPlatform: d09bf68614088b80899f8185d706f6e7 -> 
  custom:scripting/monoscript/fileName/SketchfabLogger.cs: 7105fafd508cda11b6a8f7034e1b3034 -> 7b6cca873491cd3a233deb85e4c0bc15
  custom:scripting/monoscript/fileName/Mainmenu.cs: 2f60e6d990560711ad781ddee9464730 -> acc109f9c9e710534379d56419b0ad46
  custom:video-encoder-webm-vp8: eb34c28f22e8b96e1ab97ce403110664 -> 
  custom:audio-decoder-ogg-vorbis: bf7c407c2cedff20999df2af8eb42d56 -> 
  custom:scripting/monoscript/fileName/SketchfabPlugin.cs: a33b669981ba467355c5da931cd84a2b -> 516f7c272b96363c033bc17962f26f4d
  custom:scripting/monoscript/fileName/sceneload.cs: 5ce9fb469a60c722e148f37800208389 -> 5c0816849d186432ffce5e360c37577f
  custom:scripting/monoscript/fileName/SketchfabUI.cs: 93703fa15254b9bc36851978aeb13d47 -> 713424e062a40db4ff9f340a54a3f75d
  custom:audio-encoder-webm-vorbis: bf7c407c2cedff20999df2af8eb42d56 -> 
  custom:scripting/monoscript/fileName/Optionpopup.cs: 5daa7b9d4e54041591cf9ca9bbb5f701 -> 
========================================================================
Received Prepare
Caller must complete domain reload
Begin MonoManager ReloadAssembly
- Loaded All Assemblies, in  0.627 seconds
Native extension for WindowsStandalone target not found
Native extension for WebGL target not found
[Package Manager] Server::EnsureServerProcessIsRunning -- launch failed, reason: Unity was launched with the -noUpm command-line argument
[Package Manager] UpmClient::Send -- Unable to send message (not connected to UPM process).
[Package Manager] Cannot connect to Unity Package Manager local server
Mono: successfully reloaded assembly
- Finished resetting the current domain, in  1.683 seconds
Domain Reload Profiling: 2308ms
	BeginReloadAssembly (188ms)
		ExecutionOrderSort (0ms)
		DisableScriptedObjects (5ms)
		BackupInstance (0ms)
		ReleaseScriptingObjects (0ms)
		CreateAndSetChildDomain (38ms)
	RebuildCommonClasses (43ms)
	RebuildNativeTypeToScriptingClass (18ms)
	initialDomainReloadingComplete (76ms)
	LoadAllAssembliesAndSetupDomain (299ms)
		LoadAssemblies (392ms)
		RebuildTransferFunctionScriptingTraits (0ms)
		AnalyzeDomain (18ms)
			TypeCache.Refresh (8ms)
				TypeCache.ScanAssembly (0ms)
			ScanForSourceGeneratedMonoScriptInfo (0ms)
			ResolveRequiredComponents (7ms)
	FinalizeReload (1683ms)
		ReleaseScriptCaches (0ms)
		RebuildScriptCaches (0ms)
		SetupLoadedEditorAssemblies (1013ms)
			LogAssemblyErrors (0ms)
			InitializePlatformSupportModulesInManaged (11ms)
			SetLoadedEditorAssemblies (5ms)
			RefreshPlugins (0ms)
			BeforeProcessingInitializeOnLoad (71ms)
			ProcessInitializeOnLoadAttributes (868ms)
			ProcessInitializeOnLoadMethodAttributes (48ms)
			AfterProcessingInitializeOnLoad (9ms)
			EditorAssembliesLoaded (0ms)
		ExecutionOrderSort2 (0ms)
		AwakeInstancesAfterBackupRestoration (14ms)
Refreshing native plugins compatible for Editor in 5.41 ms, found 3 plugins.
Preloading 0 native plugins for Editor in 0.00 ms.
Unloading 3674 Unused Serialized files (Serialized files now loaded: 0)
Unloading 18 unused Assets / (101.4 KB). Loaded Objects now: 4288.
Memory consumption went from 137.5 MB to 137.4 MB.
Total: 9.238500 ms (FindLiveObjects: 0.598000 ms CreateObjectMapping: 0.309300 ms MarkObjects: 8.185700 ms  DeleteObjects: 0.143300 ms)

Prepare: number of updated asset objects reloaded= 0
AssetImportParameters requested are different than current active one (requested -> active):
  custom:scripting/monoscript/fileName/SketchfabBrowserManager.cs: 3a3500ade241f197f176172bbd6c2298 -> 58045900bcc0ea9411b0a211696ee59b
  custom:scripting/monoscript/fileName/SketchfabImporter.cs: aced4ec5d355e9bf44c9b4efee9a6b26 -> 9e76ddd789c0c8770617987be20c09cd
  custom:container-demuxer-ogg: 62fdf1f143b41e24485cea50d1cbac27 -> 
  custom:video-codec-MediaFoundation-h265: 746d11721c4dcdbdad8f713fa42b33f4 -> 
  custom:video-decoder-ogg-theora: a1e56fd34408186e4bbccfd4996cb3dc -> 
  custom:scripting/monoscript/fileName/SketchfabImporterWindow.cs: a1111a8d8ba16649668666546449cf3f -> e033d49dd18bd7acecc9a08cbd5e7f64
  custom:scripting/monoscript/fileName/SketchfabApi.cs: 8b7c3f7c6cf17f6decedf77d8f970842 -> d8e25357dbae427805b6693cb23d7b96
  custom:framework-win-MediaFoundation: 216162199b28c13a410421893ffa2e32 -> 
  custom:scripting/monoscript/fileName/Resizer.cs: 1d4b77bbfdbeda3e2b9e62bc1209c924 -> 0d8c9844c44a9da009572f975ba7f40b
  custom:scripting/monoscript/fileName/move_iceberg.cs: 1c523457f0ca469a2f1533fd532025a2 -> 6c4276b0003c31e29ffeaf99cef1cc57
  custom:CustomObjectIndexerAttribute: 9a22284fe3817be447336de3de66b15e -> 
  custom:scripting/monoscript/fileName/SketchfabExporter.cs: 8e8801c81dd390acdb380b6395bc0ba3 -> 193dea1e6554dc5211188980f689acec
  custom:container-demuxer-webm: 4f35f7cbe854078d1ac9338744f61a02 -> 
  custom:scripting/monoscript/fileName/SketchfabModelWindow.cs: 4dc5849476514b01465137f1507f3eeb -> 12e26065952d174d5eab2da2c013d2e1
  custom:scripting/monoscript/fileName/icebergMove.cs: 6c4276b0003c31e29ffeaf99cef1cc57 -> 
  custom:container-muxer-webm: aa71ff27fc2769a1b78a27578f13a17b -> 
  custom:scripting/monoscript/fileName/SketchfabBrowserWindow.cs: c1898a6cd8dd440157cdd96cbbc57313 -> 758c656e608d3a2525b8440f4f2d0726
  custom:video-decoder-webm-vp8: 9c59270c3fd7afecdb556c50c9e8de78 -> 
  custom:SearchIndexIgnoredProperties: e643bd26f0fe6173181afceb89e7c659 -> 
  custom:AudioImporter_EditorPlatform: d09bf68614088b80899f8185d706f6e7 -> 
  custom:scripting/monoscript/fileName/SketchfabLogger.cs: 7105fafd508cda11b6a8f7034e1b3034 -> 7b6cca873491cd3a233deb85e4c0bc15
  custom:scripting/monoscript/fileName/Mainmenu.cs: 2f60e6d990560711ad781ddee9464730 -> acc109f9c9e710534379d56419b0ad46
  custom:video-encoder-webm-vp8: eb34c28f22e8b96e1ab97ce403110664 -> 
  custom:audio-decoder-ogg-vorbis: bf7c407c2cedff20999df2af8eb42d56 -> 
  custom:scripting/monoscript/fileName/SketchfabPlugin.cs: a33b669981ba467355c5da931cd84a2b -> 516f7c272b96363c033bc17962f26f4d
  custom:scripting/monoscript/fileName/sceneload.cs: 5ce9fb469a60c722e148f37800208389 -> 5c0816849d186432ffce5e360c37577f
  custom:scripting/monoscript/fileName/SketchfabUI.cs: 93703fa15254b9bc36851978aeb13d47 -> 713424e062a40db4ff9f340a54a3f75d
  custom:audio-encoder-webm-vorbis: bf7c407c2cedff20999df2af8eb42d56 -> 
  custom:scripting/monoscript/fileName/Optionpopup.cs: 5daa7b9d4e54041591cf9ca9bbb5f701 -> 
========================================================================
Received Prepare
Caller must complete domain reload
Begin MonoManager ReloadAssembly
- Loaded All Assemblies, in  0.748 seconds
Native extension for WindowsStandalone target not found
Native extension for WebGL target not found
[Package Manager] Server::EnsureServerProcessIsRunning -- launch failed, reason: Unity was launched with the -noUpm command-line argument
[Package Manager] UpmClient::Send -- Unable to send message (not connected to UPM process).
[Package Manager] Cannot connect to Unity Package Manager local server
Mono: successfully reloaded assembly
- Finished resetting the current domain, in  1.465 seconds
Domain Reload Profiling: 2212ms
	BeginReloadAssembly (237ms)
		ExecutionOrderSort (0ms)
		DisableScriptedObjects (5ms)
		BackupInstance (0ms)
		ReleaseScriptingObjects (0ms)
		CreateAndSetChildDomain (45ms)
	RebuildCommonClasses (46ms)
	RebuildNativeTypeToScriptingClass (18ms)
	initialDomainReloadingComplete (92ms)
	LoadAllAssembliesAndSetupDomain (352ms)
		LoadAssemblies (479ms)
		RebuildTransferFunctionScriptingTraits (0ms)
		AnalyzeDomain (21ms)
			TypeCache.Refresh (10ms)
				TypeCache.ScanAssembly (0ms)
			ScanForSourceGeneratedMonoScriptInfo (0ms)
			ResolveRequiredComponents (9ms)
	FinalizeReload (1466ms)
		ReleaseScriptCaches (0ms)
		RebuildScriptCaches (0ms)
		SetupLoadedEditorAssemblies (893ms)
			LogAssemblyErrors (0ms)
			InitializePlatformSupportModulesInManaged (10ms)
			SetLoadedEditorAssemblies (4ms)
			RefreshPlugins (0ms)
			BeforeProcessingInitializeOnLoad (80ms)
			ProcessInitializeOnLoadAttributes (746ms)
			ProcessInitializeOnLoadMethodAttributes (41ms)
			AfterProcessingInitializeOnLoad (10ms)
			EditorAssembliesLoaded (1ms)
		ExecutionOrderSort2 (0ms)
		AwakeInstancesAfterBackupRestoration (11ms)
Refreshing native plugins compatible for Editor in 6.49 ms, found 3 plugins.
Preloading 0 native plugins for Editor in 0.00 ms.
Unloading 3674 Unused Serialized files (Serialized files now loaded: 0)
Unloading 18 unused Assets / (101.4 KB). Loaded Objects now: 4303.
Memory consumption went from 137.5 MB to 137.4 MB.
Total: 11.048600 ms (FindLiveObjects: 0.432800 ms CreateObjectMapping: 0.266000 ms MarkObjects: 10.238600 ms  DeleteObjects: 0.109300 ms)

Prepare: number of updated asset objects reloaded= 0
AssetImportParameters requested are different than current active one (requested -> active):
  custom:scripting/monoscript/fileName/SketchfabBrowserManager.cs: 3a3500ade241f197f176172bbd6c2298 -> 58045900bcc0ea9411b0a211696ee59b
  custom:scripting/monoscript/fileName/SketchfabImporter.cs: aced4ec5d355e9bf44c9b4efee9a6b26 -> 9e76ddd789c0c8770617987be20c09cd
  custom:container-demuxer-ogg: 62fdf1f143b41e24485cea50d1cbac27 -> 
  custom:video-codec-MediaFoundation-h265: 746d11721c4dcdbdad8f713fa42b33f4 -> 
  custom:video-decoder-ogg-theora: a1e56fd34408186e4bbccfd4996cb3dc -> 
  custom:scripting/monoscript/fileName/SketchfabImporterWindow.cs: a1111a8d8ba16649668666546449cf3f -> e033d49dd18bd7acecc9a08cbd5e7f64
  custom:scripting/monoscript/fileName/SketchfabApi.cs: 8b7c3f7c6cf17f6decedf77d8f970842 -> d8e25357dbae427805b6693cb23d7b96
  custom:framework-win-MediaFoundation: 216162199b28c13a410421893ffa2e32 -> 
  custom:scripting/monoscript/fileName/Resizer.cs: 1d4b77bbfdbeda3e2b9e62bc1209c924 -> 0d8c9844c44a9da009572f975ba7f40b
  custom:scripting/monoscript/fileName/move_iceberg.cs: 1c523457f0ca469a2f1533fd532025a2 -> 6c4276b0003c31e29ffeaf99cef1cc57
  custom:CustomObjectIndexerAttribute: 9a22284fe3817be447336de3de66b15e -> 
  custom:scripting/monoscript/fileName/SketchfabExporter.cs: 8e8801c81dd390acdb380b6395bc0ba3 -> 193dea1e6554dc5211188980f689acec
  custom:container-demuxer-webm: 4f35f7cbe854078d1ac9338744f61a02 -> 
  custom:scripting/monoscript/fileName/SketchfabModelWindow.cs: 4dc5849476514b01465137f1507f3eeb -> 12e26065952d174d5eab2da2c013d2e1
  custom:scripting/monoscript/fileName/icebergMove.cs: 6c4276b0003c31e29ffeaf99cef1cc57 -> 
  custom:container-muxer-webm: aa71ff27fc2769a1b78a27578f13a17b -> 
  custom:scripting/monoscript/fileName/SketchfabBrowserWindow.cs: c1898a6cd8dd440157cdd96cbbc57313 -> 758c656e608d3a2525b8440f4f2d0726
  custom:video-decoder-webm-vp8: 9c59270c3fd7afecdb556c50c9e8de78 -> 
  custom:SearchIndexIgnoredProperties: e643bd26f0fe6173181afceb89e7c659 -> 
  custom:AudioImporter_EditorPlatform: d09bf68614088b80899f8185d706f6e7 -> 
  custom:scripting/monoscript/fileName/SketchfabLogger.cs: 7105fafd508cda11b6a8f7034e1b3034 -> 7b6cca873491cd3a233deb85e4c0bc15
  custom:scripting/monoscript/fileName/Mainmenu.cs: 2f60e6d990560711ad781ddee9464730 -> acc109f9c9e710534379d56419b0ad46
  custom:video-encoder-webm-vp8: eb34c28f22e8b96e1ab97ce403110664 -> 
  custom:audio-decoder-ogg-vorbis: bf7c407c2cedff20999df2af8eb42d56 -> 
  custom:scripting/monoscript/fileName/SketchfabPlugin.cs: a33b669981ba467355c5da931cd84a2b -> 516f7c272b96363c033bc17962f26f4d
  custom:scripting/monoscript/fileName/sceneload.cs: 5ce9fb469a60c722e148f37800208389 -> 5c0816849d186432ffce5e360c37577f
  custom:scripting/monoscript/fileName/SketchfabUI.cs: 93703fa15254b9bc36851978aeb13d47 -> 713424e062a40db4ff9f340a54a3f75d
  custom:audio-encoder-webm-vorbis: bf7c407c2cedff20999df2af8eb42d56 -> 
  custom:scripting/monoscript/fileName/Optionpopup.cs: 5daa7b9d4e54041591cf9ca9bbb5f701 -> 
========================================================================
Received Prepare
Caller must complete domain reload
Begin MonoManager ReloadAssembly
- Loaded All Assemblies, in  0.656 seconds
Native extension for WindowsStandalone target not found
Native extension for WebGL target not found
[Package Manager] Server::EnsureServerProcessIsRunning -- launch failed, reason: Unity was launched with the -noUpm command-line argument
[Package Manager] UpmClient::Send -- Unable to send message (not connected to UPM process).
[Package Manager] Cannot connect to Unity Package Manager local server
Mono: successfully reloaded assembly
- Finished resetting the current domain, in  1.935 seconds
Domain Reload Profiling: 3941ms
	BeginReloadAssembly (205ms)
		ExecutionOrderSort (0ms)
		DisableScriptedObjects (7ms)
		BackupInstance (0ms)
		ReleaseScriptingObjects (0ms)
		CreateAndSetChildDomain (38ms)
	RebuildCommonClasses (44ms)
	RebuildNativeTypeToScriptingClass (15ms)
	initialDomainReloadingComplete (71ms)
	LoadAllAssembliesAndSetupDomain (1670ms)
		LoadAssemblies (393ms)
		RebuildTransferFunctionScriptingTraits (0ms)
		AnalyzeDomain (47ms)
			TypeCache.Refresh (15ms)
				TypeCache.ScanAssembly (1ms)
			ScanForSourceGeneratedMonoScriptInfo (24ms)
			ResolveRequiredComponents (7ms)
	FinalizeReload (1936ms)
		ReleaseScriptCaches (0ms)
		RebuildScriptCaches (0ms)
		SetupLoadedEditorAssemblies (1064ms)
			LogAssemblyErrors (0ms)
			InitializePlatformSupportModulesInManaged (11ms)
			SetLoadedEditorAssemblies (5ms)
			RefreshPlugins (0ms)
			BeforeProcessingInitializeOnLoad (103ms)
			ProcessInitializeOnLoadAttributes (893ms)
			ProcessInitializeOnLoadMethodAttributes (44ms)
			AfterProcessingInitializeOnLoad (9ms)
			EditorAssembliesLoaded (0ms)
		ExecutionOrderSort2 (0ms)
		AwakeInstancesAfterBackupRestoration (12ms)
Refreshing native plugins compatible for Editor in 6.50 ms, found 3 plugins.
Preloading 0 native plugins for Editor in 0.00 ms.
Unloading 3674 Unused Serialized files (Serialized files now loaded: 0)
Unloading 18 unused Assets / (101.3 KB). Loaded Objects now: 4318.
Memory consumption went from 137.5 MB to 137.4 MB.
Total: 5.586200 ms (FindLiveObjects: 0.399400 ms CreateObjectMapping: 0.149900 ms MarkObjects: 4.908400 ms  DeleteObjects: 0.126400 ms)

Prepare: number of updated asset objects reloaded= 0
AssetImportParameters requested are different than current active one (requested -> active):
  custom:scripting/monoscript/fileName/SketchfabBrowserManager.cs: 3a3500ade241f197f176172bbd6c2298 -> 58045900bcc0ea9411b0a211696ee59b
  custom:scripting/monoscript/fileName/SketchfabImporter.cs: aced4ec5d355e9bf44c9b4efee9a6b26 -> 9e76ddd789c0c8770617987be20c09cd
  custom:container-demuxer-ogg: 62fdf1f143b41e24485cea50d1cbac27 -> 
  custom:video-codec-MediaFoundation-h265: 746d11721c4dcdbdad8f713fa42b33f4 -> 
  custom:video-decoder-ogg-theora: a1e56fd34408186e4bbccfd4996cb3dc -> 
  custom:scripting/monoscript/fileName/SketchfabImporterWindow.cs: a1111a8d8ba16649668666546449cf3f -> e033d49dd18bd7acecc9a08cbd5e7f64
  custom:scripting/monoscript/fileName/SketchfabApi.cs: 8b7c3f7c6cf17f6decedf77d8f970842 -> d8e25357dbae427805b6693cb23d7b96
  custom:framework-win-MediaFoundation: 216162199b28c13a410421893ffa2e32 -> 
  custom:scripting/monoscript/fileName/Resizer.cs: 1d4b77bbfdbeda3e2b9e62bc1209c924 -> 0d8c9844c44a9da009572f975ba7f40b
  custom:scripting/monoscript/fileName/move_iceberg.cs: 1c523457f0ca469a2f1533fd532025a2 -> 6c4276b0003c31e29ffeaf99cef1cc57
  custom:CustomObjectIndexerAttribute: 9a22284fe3817be447336de3de66b15e -> 
  custom:scripting/monoscript/fileName/SketchfabExporter.cs: 8e8801c81dd390acdb380b6395bc0ba3 -> 193dea1e6554dc5211188980f689acec
  custom:container-demuxer-webm: 4f35f7cbe854078d1ac9338744f61a02 -> 
  custom:scripting/monoscript/fileName/SketchfabModelWindow.cs: 4dc5849476514b01465137f1507f3eeb -> 12e26065952d174d5eab2da2c013d2e1
  custom:scripting/monoscript/fileName/icebergMove.cs: 6c4276b0003c31e29ffeaf99cef1cc57 -> 
  custom:container-muxer-webm: aa71ff27fc2769a1b78a27578f13a17b -> 
  custom:scripting/monoscript/fileName/SketchfabBrowserWindow.cs: c1898a6cd8dd440157cdd96cbbc57313 -> 758c656e608d3a2525b8440f4f2d0726
  custom:video-decoder-webm-vp8: 9c59270c3fd7afecdb556c50c9e8de78 -> 
  custom:SearchIndexIgnoredProperties: e643bd26f0fe6173181afceb89e7c659 -> 
  custom:AudioImporter_EditorPlatform: d09bf68614088b80899f8185d706f6e7 -> 
  custom:scripting/monoscript/fileName/SketchfabLogger.cs: 7105fafd508cda11b6a8f7034e1b3034 -> 7b6cca873491cd3a233deb85e4c0bc15
  custom:scripting/monoscript/fileName/Mainmenu.cs: 2f60e6d990560711ad781ddee9464730 -> acc109f9c9e710534379d56419b0ad46
  custom:video-encoder-webm-vp8: eb34c28f22e8b96e1ab97ce403110664 -> 
  custom:audio-decoder-ogg-vorbis: bf7c407c2cedff20999df2af8eb42d56 -> 
  custom:scripting/monoscript/fileName/SketchfabPlugin.cs: a33b669981ba467355c5da931cd84a2b -> 516f7c272b96363c033bc17962f26f4d
  custom:scripting/monoscript/fileName/sceneload.cs: 5ce9fb469a60c722e148f37800208389 -> 5c0816849d186432ffce5e360c37577f
  custom:scripting/monoscript/fileName/SketchfabUI.cs: 93703fa15254b9bc36851978aeb13d47 -> 713424e062a40db4ff9f340a54a3f75d
  custom:audio-encoder-webm-vorbis: bf7c407c2cedff20999df2af8eb42d56 -> 
  custom:scripting/monoscript/fileName/Optionpopup.cs: 5daa7b9d4e54041591cf9ca9bbb5f701 -> 
========================================================================
Received Prepare
Caller must complete domain reload
Begin MonoManager ReloadAssembly
- Loaded All Assemblies, in  0.627 seconds
Native extension for WindowsStandalone target not found
Native extension for WebGL target not found
[Package Manager] Server::EnsureServerProcessIsRunning -- launch failed, reason: Unity was launched with the -noUpm command-line argument
[Package Manager] UpmClient::Send -- Unable to send message (not connected to UPM process).
[Package Manager] Cannot connect to Unity Package Manager local server
Mono: successfully reloaded assembly
- Finished resetting the current domain, in  1.088 seconds
Domain Reload Profiling: 1714ms
	BeginReloadAssembly (199ms)
		ExecutionOrderSort (0ms)
		DisableScriptedObjects (6ms)
		BackupInstance (0ms)
		ReleaseScriptingObjects (0ms)
		CreateAndSetChildDomain (34ms)
	RebuildCommonClasses (43ms)
	RebuildNativeTypeToScriptingClass (13ms)
	initialDomainReloadingComplete (66ms)
	LoadAllAssembliesAndSetupDomain (305ms)
		LoadAssemblies (408ms)
		RebuildTransferFunctionScriptingTraits (0ms)
		AnalyzeDomain (18ms)
			TypeCache.Refresh (9ms)
				TypeCache.ScanAssembly (0ms)
			ScanForSourceGeneratedMonoScriptInfo (0ms)
			ResolveRequiredComponents (7ms)
	FinalizeReload (1088ms)
		ReleaseScriptCaches (0ms)
		RebuildScriptCaches (0ms)
		SetupLoadedEditorAssemblies (616ms)
			LogAssemblyErrors (0ms)
			InitializePlatformSupportModulesInManaged (7ms)
			SetLoadedEditorAssemblies (4ms)
			RefreshPlugins (0ms)
			BeforeProcessingInitializeOnLoad (68ms)
			ProcessInitializeOnLoadAttributes (501ms)
			ProcessInitializeOnLoadMethodAttributes (30ms)
			AfterProcessingInitializeOnLoad (6ms)
			EditorAssembliesLoaded (0ms)
		ExecutionOrderSort2 (0ms)
		AwakeInstancesAfterBackupRestoration (8ms)
Refreshing native plugins compatible for Editor in 3.84 ms, found 3 plugins.
Preloading 0 native plugins for Editor in 0.00 ms.
Unloading 3674 Unused Serialized files (Serialized files now loaded: 0)
Unloading 18 unused Assets / (101.3 KB). Loaded Objects now: 4333.
Memory consumption went from 137.5 MB to 137.4 MB.
Total: 7.032900 ms (FindLiveObjects: 0.387400 ms CreateObjectMapping: 0.140200 ms MarkObjects: 6.417100 ms  DeleteObjects: 0.086800 ms)

Prepare: number of updated asset objects reloaded= 0
AssetImportParameters requested are different than current active one (requested -> active):
  custom:scripting/monoscript/fileName/SketchfabBrowserManager.cs: 3a3500ade241f197f176172bbd6c2298 -> 58045900bcc0ea9411b0a211696ee59b
  custom:scripting/monoscript/fileName/SketchfabImporter.cs: aced4ec5d355e9bf44c9b4efee9a6b26 -> 9e76ddd789c0c8770617987be20c09cd
  custom:container-demuxer-ogg: 62fdf1f143b41e24485cea50d1cbac27 -> 
  custom:video-codec-MediaFoundation-h265: 746d11721c4dcdbdad8f713fa42b33f4 -> 
  custom:video-decoder-ogg-theora: a1e56fd34408186e4bbccfd4996cb3dc -> 
  custom:scripting/monoscript/fileName/SketchfabImporterWindow.cs: a1111a8d8ba16649668666546449cf3f -> e033d49dd18bd7acecc9a08cbd5e7f64
  custom:scripting/monoscript/fileName/SketchfabApi.cs: 8b7c3f7c6cf17f6decedf77d8f970842 -> d8e25357dbae427805b6693cb23d7b96
  custom:framework-win-MediaFoundation: 216162199b28c13a410421893ffa2e32 -> 
  custom:scripting/monoscript/fileName/Resizer.cs: 1d4b77bbfdbeda3e2b9e62bc1209c924 -> 0d8c9844c44a9da009572f975ba7f40b
  custom:scripting/monoscript/fileName/move_iceberg.cs: 1c523457f0ca469a2f1533fd532025a2 -> 6c4276b0003c31e29ffeaf99cef1cc57
  custom:CustomObjectIndexerAttribute: 9a22284fe3817be447336de3de66b15e -> 
  custom:scripting/monoscript/fileName/SketchfabExporter.cs: 8e8801c81dd390acdb380b6395bc0ba3 -> 193dea1e6554dc5211188980f689acec
  custom:container-demuxer-webm: 4f35f7cbe854078d1ac9338744f61a02 -> 
  custom:scripting/monoscript/fileName/SketchfabModelWindow.cs: 4dc5849476514b01465137f1507f3eeb -> 12e26065952d174d5eab2da2c013d2e1
  custom:scripting/monoscript/fileName/icebergMove.cs: 6c4276b0003c31e29ffeaf99cef1cc57 -> 
  custom:container-muxer-webm: aa71ff27fc2769a1b78a27578f13a17b -> 
  custom:scripting/monoscript/fileName/SketchfabBrowserWindow.cs: c1898a6cd8dd440157cdd96cbbc57313 -> 758c656e608d3a2525b8440f4f2d0726
  custom:video-decoder-webm-vp8: 9c59270c3fd7afecdb556c50c9e8de78 -> 
  custom:SearchIndexIgnoredProperties: e643bd26f0fe6173181afceb89e7c659 -> 
  custom:AudioImporter_EditorPlatform: d09bf68614088b80899f8185d706f6e7 -> 
  custom:scripting/monoscript/fileName/SketchfabLogger.cs: 7105fafd508cda11b6a8f7034e1b3034 -> 7b6cca873491cd3a233deb85e4c0bc15
  custom:scripting/monoscript/fileName/Mainmenu.cs: 2f60e6d990560711ad781ddee9464730 -> acc109f9c9e710534379d56419b0ad46
  custom:video-encoder-webm-vp8: eb34c28f22e8b96e1ab97ce403110664 -> 
  custom:audio-decoder-ogg-vorbis: bf7c407c2cedff20999df2af8eb42d56 -> 
  custom:scripting/monoscript/fileName/SketchfabPlugin.cs: a33b669981ba467355c5da931cd84a2b -> 516f7c272b96363c033bc17962f26f4d
  custom:scripting/monoscript/fileName/sceneload.cs: 5ce9fb469a60c722e148f37800208389 -> 5c0816849d186432ffce5e360c37577f
  custom:scripting/monoscript/fileName/SketchfabUI.cs: 93703fa15254b9bc36851978aeb13d47 -> 713424e062a40db4ff9f340a54a3f75d
  custom:audio-encoder-webm-vorbis: bf7c407c2cedff20999df2af8eb42d56 -> 
  custom:scripting/monoscript/fileName/Optionpopup.cs: 5daa7b9d4e54041591cf9ca9bbb5f701 -> 
========================================================================
Received Prepare
Caller must complete domain reload
Begin MonoManager ReloadAssembly
- Loaded All Assemblies, in  0.589 seconds
Native extension for WindowsStandalone target not found
Native extension for WebGL target not found
[Package Manager] Server::EnsureServerProcessIsRunning -- launch failed, reason: Unity was launched with the -noUpm command-line argument
[Package Manager] UpmClient::Send -- Unable to send message (not connected to UPM process).
[Package Manager] Cannot connect to Unity Package Manager local server
Mono: successfully reloaded assembly
- Finished resetting the current domain, in  1.105 seconds
Domain Reload Profiling: 1693ms
	BeginReloadAssembly (181ms)
		ExecutionOrderSort (0ms)
		DisableScriptedObjects (4ms)
		BackupInstance (0ms)
		ReleaseScriptingObjects (0ms)
		CreateAndSetChildDomain (34ms)
	RebuildCommonClasses (39ms)
	RebuildNativeTypeToScriptingClass (12ms)
	initialDomainReloadingComplete (74ms)
	LoadAllAssembliesAndSetupDomain (281ms)
		LoadAssemblies (370ms)
		RebuildTransferFunctionScriptingTraits (0ms)
		AnalyzeDomain (18ms)
			TypeCache.Refresh (7ms)
				TypeCache.ScanAssembly (0ms)
			ScanForSourceGeneratedMonoScriptInfo (0ms)
			ResolveRequiredComponents (8ms)
	FinalizeReload (1106ms)
		ReleaseScriptCaches (0ms)
		RebuildScriptCaches (0ms)
		SetupLoadedEditorAssemblies (623ms)
			LogAssemblyErrors (0ms)
			InitializePlatformSupportModulesInManaged (7ms)
			SetLoadedEditorAssemblies (3ms)
			RefreshPlugins (0ms)
			BeforeProcessingInitializeOnLoad (67ms)
			ProcessInitializeOnLoadAttributes (515ms)
			ProcessInitializeOnLoadMethodAttributes (23ms)
			AfterProcessingInitializeOnLoad (7ms)
			EditorAssembliesLoaded (0ms)
		ExecutionOrderSort2 (0ms)
		AwakeInstancesAfterBackupRestoration (7ms)
Refreshing native plugins compatible for Editor in 4.74 ms, found 3 plugins.
Preloading 0 native plugins for Editor in 0.00 ms.
Unloading 3674 Unused Serialized files (Serialized files now loaded: 0)
Unloading 18 unused Assets / (101.4 KB). Loaded Objects now: 4348.
Memory consumption went from 137.6 MB to 137.5 MB.
Total: 4.915800 ms (FindLiveObjects: 0.375600 ms CreateObjectMapping: 0.123800 ms MarkObjects: 4.169800 ms  DeleteObjects: 0.244300 ms)

Prepare: number of updated asset objects reloaded= 0
AssetImportParameters requested are different than current active one (requested -> active):
  custom:scripting/monoscript/fileName/SketchfabBrowserManager.cs: 3a3500ade241f197f176172bbd6c2298 -> 58045900bcc0ea9411b0a211696ee59b
  custom:scripting/monoscript/fileName/SketchfabImporter.cs: aced4ec5d355e9bf44c9b4efee9a6b26 -> 9e76ddd789c0c8770617987be20c09cd
  custom:container-demuxer-ogg: 62fdf1f143b41e24485cea50d1cbac27 -> 
  custom:video-codec-MediaFoundation-h265: 746d11721c4dcdbdad8f713fa42b33f4 -> 
  custom:video-decoder-ogg-theora: a1e56fd34408186e4bbccfd4996cb3dc -> 
  custom:scripting/monoscript/fileName/SketchfabImporterWindow.cs: a1111a8d8ba16649668666546449cf3f -> e033d49dd18bd7acecc9a08cbd5e7f64
  custom:scripting/monoscript/fileName/SketchfabApi.cs: 8b7c3f7c6cf17f6decedf77d8f970842 -> d8e25357dbae427805b6693cb23d7b96
  custom:framework-win-MediaFoundation: 216162199b28c13a410421893ffa2e32 -> 
  custom:scripting/monoscript/fileName/Resizer.cs: 1d4b77bbfdbeda3e2b9e62bc1209c924 -> 0d8c9844c44a9da009572f975ba7f40b
  custom:scripting/monoscript/fileName/move_iceberg.cs: 1c523457f0ca469a2f1533fd532025a2 -> 6c4276b0003c31e29ffeaf99cef1cc57
  custom:CustomObjectIndexerAttribute: 9a22284fe3817be447336de3de66b15e -> 
  custom:scripting/monoscript/fileName/SketchfabExporter.cs: 8e8801c81dd390acdb380b6395bc0ba3 -> 193dea1e6554dc5211188980f689acec
  custom:container-demuxer-webm: 4f35f7cbe854078d1ac9338744f61a02 -> 
  custom:scripting/monoscript/fileName/SketchfabModelWindow.cs: 4dc5849476514b01465137f1507f3eeb -> 12e26065952d174d5eab2da2c013d2e1
  custom:scripting/monoscript/fileName/icebergMove.cs: 6c4276b0003c31e29ffeaf99cef1cc57 -> 
  custom:container-muxer-webm: aa71ff27fc2769a1b78a27578f13a17b -> 
  custom:scripting/monoscript/fileName/SketchfabBrowserWindow.cs: c1898a6cd8dd440157cdd96cbbc57313 -> 758c656e608d3a2525b8440f4f2d0726
  custom:video-decoder-webm-vp8: 9c59270c3fd7afecdb556c50c9e8de78 -> 
  custom:SearchIndexIgnoredProperties: e643bd26f0fe6173181afceb89e7c659 -> 
  custom:AudioImporter_EditorPlatform: d09bf68614088b80899f8185d706f6e7 -> 
  custom:scripting/monoscript/fileName/SketchfabLogger.cs: 7105fafd508cda11b6a8f7034e1b3034 -> 7b6cca873491cd3a233deb85e4c0bc15
  custom:scripting/monoscript/fileName/Mainmenu.cs: 2f60e6d990560711ad781ddee9464730 -> acc109f9c9e710534379d56419b0ad46
  custom:video-encoder-webm-vp8: eb34c28f22e8b96e1ab97ce403110664 -> 
  custom:audio-decoder-ogg-vorbis: bf7c407c2cedff20999df2af8eb42d56 -> 
  custom:scripting/monoscript/fileName/SketchfabPlugin.cs: a33b669981ba467355c5da931cd84a2b -> 516f7c272b96363c033bc17962f26f4d
  custom:scripting/monoscript/fileName/sceneload.cs: 5ce9fb469a60c722e148f37800208389 -> 5c0816849d186432ffce5e360c37577f
  custom:scripting/monoscript/fileName/SketchfabUI.cs: 93703fa15254b9bc36851978aeb13d47 -> 713424e062a40db4ff9f340a54a3f75d
  custom:audio-encoder-webm-vorbis: bf7c407c2cedff20999df2af8eb42d56 -> 
  custom:scripting/monoscript/fileName/Optionpopup.cs: 5daa7b9d4e54041591cf9ca9bbb5f701 -> 
========================================================================
Received Import Request.
  Time since last request: 1201.393007 seconds.
  path: Assets/Script/move_iceberg_angle.cs
  artifactKey: Guid(ddb19911f231108449f9a814eb9733b2) Importer(815301076,1909f56bfc062723c751e8b465ee728b)
Start importing Assets/Script/move_iceberg_angle.cs using Guid(ddb19911f231108449f9a814eb9733b2) Importer(815301076,1909f56bfc062723c751e8b465ee728b) [PhysX] Initialized MultithreadedTaskDispatcher with 32 workers.
 -> (artifact id: '74d01cd4b005d5f5adbe92f11e3924e4') in 0.007243 seconds
Number of updated asset objects reloaded before import = 0
Number of asset objects unloaded after import = 0
========================================================================
Received Prepare
Caller must complete domain reload
Begin MonoManager ReloadAssembly
- Loaded All Assemblies, in  0.614 seconds
Native extension for WindowsStandalone target not found
Native extension for WebGL target not found
[Package Manager] Server::EnsureServerProcessIsRunning -- launch failed, reason: Unity was launched with the -noUpm command-line argument
[Package Manager] UpmClient::Send -- Unable to send message (not connected to UPM process).
[Package Manager] Cannot connect to Unity Package Manager local server
Mono: successfully reloaded assembly
- Finished resetting the current domain, in  1.154 seconds
Domain Reload Profiling: 1766ms
	BeginReloadAssembly (188ms)
		ExecutionOrderSort (0ms)
		DisableScriptedObjects (5ms)
		BackupInstance (0ms)
		ReleaseScriptingObjects (0ms)
		CreateAndSetChildDomain (39ms)
	RebuildCommonClasses (34ms)
	RebuildNativeTypeToScriptingClass (14ms)
	initialDomainReloadingComplete (67ms)
	LoadAllAssembliesAndSetupDomain (309ms)
		LoadAssemblies (401ms)
		RebuildTransferFunctionScriptingTraits (0ms)
		AnalyzeDomain (17ms)
			TypeCache.Refresh (7ms)
				TypeCache.ScanAssembly (0ms)
			ScanForSourceGeneratedMonoScriptInfo (0ms)
			ResolveRequiredComponents (7ms)
	FinalizeReload (1154ms)
		ReleaseScriptCaches (0ms)
		RebuildScriptCaches (0ms)
		SetupLoadedEditorAssemblies (624ms)
			LogAssemblyErrors (0ms)
			InitializePlatformSupportModulesInManaged (9ms)
			SetLoadedEditorAssemblies (4ms)
			RefreshPlugins (0ms)
			BeforeProcessingInitializeOnLoad (67ms)
			ProcessInitializeOnLoadAttributes (518ms)
			ProcessInitializeOnLoadMethodAttributes (21ms)
			AfterProcessingInitializeOnLoad (5ms)
			EditorAssembliesLoaded (0ms)
		ExecutionOrderSort2 (0ms)
		AwakeInstancesAfterBackupRestoration (8ms)
Refreshing native plugins compatible for Editor in 6.91 ms, found 3 plugins.
Preloading 0 native plugins for Editor in 0.00 ms.
Unloading 3673 Unused Serialized files (Serialized files now loaded: 0)
Unloading 18 unused Assets / (101.4 KB). Loaded Objects now: 4363.
Memory consumption went from 137.3 MB to 137.2 MB.
Total: 7.774300 ms (FindLiveObjects: 0.579600 ms CreateObjectMapping: 0.171700 ms MarkObjects: 6.851600 ms  DeleteObjects: 0.168800 ms)

Prepare: number of updated asset objects reloaded= 0
AssetImportParameters requested are different than current active one (requested -> active):
  custom:scripting/monoscript/fileName/SketchfabBrowserManager.cs: 3a3500ade241f197f176172bbd6c2298 -> 58045900bcc0ea9411b0a211696ee59b
  custom:scripting/monoscript/fileName/SketchfabImporter.cs: aced4ec5d355e9bf44c9b4efee9a6b26 -> 9e76ddd789c0c8770617987be20c09cd
  custom:container-demuxer-ogg: 62fdf1f143b41e24485cea50d1cbac27 -> 
  custom:video-codec-MediaFoundation-h265: 746d11721c4dcdbdad8f713fa42b33f4 -> 
  custom:video-decoder-ogg-theora: a1e56fd34408186e4bbccfd4996cb3dc -> 
  custom:scripting/monoscript/fileName/SketchfabImporterWindow.cs: a1111a8d8ba16649668666546449cf3f -> e033d49dd18bd7acecc9a08cbd5e7f64
  custom:scripting/monoscript/fileName/SketchfabApi.cs: 8b7c3f7c6cf17f6decedf77d8f970842 -> d8e25357dbae427805b6693cb23d7b96
  custom:framework-win-MediaFoundation: 216162199b28c13a410421893ffa2e32 -> 
  custom:scripting/monoscript/fileName/Resizer.cs: 1d4b77bbfdbeda3e2b9e62bc1209c924 -> 0d8c9844c44a9da009572f975ba7f40b
  custom:scripting/monoscript/fileName/move_iceberg.cs: 1c523457f0ca469a2f1533fd532025a2 -> 6c4276b0003c31e29ffeaf99cef1cc57
  custom:CustomObjectIndexerAttribute: 9a22284fe3817be447336de3de66b15e -> 
  custom:scripting/monoscript/fileName/SketchfabExporter.cs: 8e8801c81dd390acdb380b6395bc0ba3 -> 193dea1e6554dc5211188980f689acec
  custom:container-demuxer-webm: 4f35f7cbe854078d1ac9338744f61a02 -> 
  custom:scripting/monoscript/fileName/SketchfabModelWindow.cs: 4dc5849476514b01465137f1507f3eeb -> 12e26065952d174d5eab2da2c013d2e1
  custom:scripting/monoscript/fileName/icebergMove.cs: 6c4276b0003c31e29ffeaf99cef1cc57 -> 
  custom:container-muxer-webm: aa71ff27fc2769a1b78a27578f13a17b -> 
  custom:scripting/monoscript/fileName/SketchfabBrowserWindow.cs: c1898a6cd8dd440157cdd96cbbc57313 -> 758c656e608d3a2525b8440f4f2d0726
  custom:video-decoder-webm-vp8: 9c59270c3fd7afecdb556c50c9e8de78 -> 
  custom:SearchIndexIgnoredProperties: e643bd26f0fe6173181afceb89e7c659 -> 
  custom:AudioImporter_EditorPlatform: d09bf68614088b80899f8185d706f6e7 -> 
  custom:scripting/monoscript/fileName/SketchfabLogger.cs: 7105fafd508cda11b6a8f7034e1b3034 -> 7b6cca873491cd3a233deb85e4c0bc15
  custom:scripting/monoscript/fileName/Mainmenu.cs: 2f60e6d990560711ad781ddee9464730 -> acc109f9c9e710534379d56419b0ad46
  custom:video-encoder-webm-vp8: eb34c28f22e8b96e1ab97ce403110664 -> 
  custom:audio-decoder-ogg-vorbis: bf7c407c2cedff20999df2af8eb42d56 -> 
  custom:scripting/monoscript/fileName/SketchfabPlugin.cs: a33b669981ba467355c5da931cd84a2b -> 516f7c272b96363c033bc17962f26f4d
  custom:scripting/monoscript/fileName/sceneload.cs: 5ce9fb469a60c722e148f37800208389 -> 5c0816849d186432ffce5e360c37577f
  custom:scripting/monoscript/fileName/SketchfabUI.cs: 93703fa15254b9bc36851978aeb13d47 -> 713424e062a40db4ff9f340a54a3f75d
  custom:audio-encoder-webm-vorbis: bf7c407c2cedff20999df2af8eb42d56 -> 
  custom:scripting/monoscript/fileName/Optionpopup.cs: 5daa7b9d4e54041591cf9ca9bbb5f701 -> 
========================================================================
Received Prepare
Caller must complete domain reload
Begin MonoManager ReloadAssembly
- Loaded All Assemblies, in  0.665 seconds
Native extension for WindowsStandalone target not found
Native extension for WebGL target not found
[Package Manager] Server::EnsureServerProcessIsRunning -- launch failed, reason: Unity was launched with the -noUpm command-line argument
[Package Manager] UpmClient::Send -- Unable to send message (not connected to UPM process).
[Package Manager] Cannot connect to Unity Package Manager local server
Mono: successfully reloaded assembly
- Finished resetting the current domain, in  1.528 seconds
Domain Reload Profiling: 2193ms
	BeginReloadAssembly (193ms)
		ExecutionOrderSort (0ms)
		DisableScriptedObjects (5ms)
		BackupInstance (0ms)
		ReleaseScriptingObjects (0ms)
		CreateAndSetChildDomain (37ms)
	RebuildCommonClasses (43ms)
	RebuildNativeTypeToScriptingClass (14ms)
	initialDomainReloadingComplete (73ms)
	LoadAllAssembliesAndSetupDomain (341ms)
		LoadAssemblies (426ms)
		RebuildTransferFunctionScriptingTraits (0ms)
		AnalyzeDomain (26ms)
			TypeCache.Refresh (11ms)
				TypeCache.ScanAssembly (0ms)
			ScanForSourceGeneratedMonoScriptInfo (0ms)
			ResolveRequiredComponents (12ms)
	FinalizeReload (1530ms)
		ReleaseScriptCaches (0ms)
		RebuildScriptCaches (0ms)
		SetupLoadedEditorAssemblies (892ms)
			LogAssemblyErrors (0ms)
			InitializePlatformSupportModulesInManaged (10ms)
			SetLoadedEditorAssemblies (5ms)
			RefreshPlugins (0ms)
			BeforeProcessingInitializeOnLoad (78ms)
			ProcessInitializeOnLoadAttributes (734ms)
			ProcessInitializeOnLoadMethodAttributes (50ms)
			AfterProcessingInitializeOnLoad (14ms)
			EditorAssembliesLoaded (1ms)
		ExecutionOrderSort2 (0ms)
		AwakeInstancesAfterBackupRestoration (16ms)
Refreshing native plugins compatible for Editor in 12.45 ms, found 3 plugins.
Preloading 0 native plugins for Editor in 0.00 ms.
Unloading 3674 Unused Serialized files (Serialized files now loaded: 0)
Unloading 18 unused Assets / (101.4 KB). Loaded Objects now: 4378.
Memory consumption went from 137.6 MB to 137.5 MB.
Total: 9.441200 ms (FindLiveObjects: 0.470900 ms CreateObjectMapping: 0.136800 ms MarkObjects: 8.689200 ms  DeleteObjects: 0.141800 ms)

Prepare: number of updated asset objects reloaded= 0
AssetImportParameters requested are different than current active one (requested -> active):
  custom:scripting/monoscript/fileName/SketchfabBrowserManager.cs: 3a3500ade241f197f176172bbd6c2298 -> 58045900bcc0ea9411b0a211696ee59b
  custom:scripting/monoscript/fileName/SketchfabImporter.cs: aced4ec5d355e9bf44c9b4efee9a6b26 -> 9e76ddd789c0c8770617987be20c09cd
  custom:container-demuxer-ogg: 62fdf1f143b41e24485cea50d1cbac27 -> 
  custom:video-codec-MediaFoundation-h265: 746d11721c4dcdbdad8f713fa42b33f4 -> 
  custom:video-decoder-ogg-theora: a1e56fd34408186e4bbccfd4996cb3dc -> 
  custom:scripting/monoscript/fileName/SketchfabImporterWindow.cs: a1111a8d8ba16649668666546449cf3f -> e033d49dd18bd7acecc9a08cbd5e7f64
  custom:scripting/monoscript/fileName/SketchfabApi.cs: 8b7c3f7c6cf17f6decedf77d8f970842 -> d8e25357dbae427805b6693cb23d7b96
  custom:framework-win-MediaFoundation: 216162199b28c13a410421893ffa2e32 -> 
  custom:scripting/monoscript/fileName/Resizer.cs: 1d4b77bbfdbeda3e2b9e62bc1209c924 -> 0d8c9844c44a9da009572f975ba7f40b
  custom:scripting/monoscript/fileName/move_iceberg.cs: 1c523457f0ca469a2f1533fd532025a2 -> 6c4276b0003c31e29ffeaf99cef1cc57
  custom:CustomObjectIndexerAttribute: 9a22284fe3817be447336de3de66b15e -> 
  custom:scripting/monoscript/fileName/SketchfabExporter.cs: 8e8801c81dd390acdb380b6395bc0ba3 -> 193dea1e6554dc5211188980f689acec
  custom:container-demuxer-webm: 4f35f7cbe854078d1ac9338744f61a02 -> 
  custom:scripting/monoscript/fileName/SketchfabModelWindow.cs: 4dc5849476514b01465137f1507f3eeb -> 12e26065952d174d5eab2da2c013d2e1
  custom:scripting/monoscript/fileName/icebergMove.cs: 6c4276b0003c31e29ffeaf99cef1cc57 -> 
  custom:container-muxer-webm: aa71ff27fc2769a1b78a27578f13a17b -> 
  custom:scripting/monoscript/fileName/SketchfabBrowserWindow.cs: c1898a6cd8dd440157cdd96cbbc57313 -> 758c656e608d3a2525b8440f4f2d0726
  custom:video-decoder-webm-vp8: 9c59270c3fd7afecdb556c50c9e8de78 -> 
  custom:SearchIndexIgnoredProperties: e643bd26f0fe6173181afceb89e7c659 -> 
  custom:AudioImporter_EditorPlatform: d09bf68614088b80899f8185d706f6e7 -> 
  custom:scripting/monoscript/fileName/SketchfabLogger.cs: 7105fafd508cda11b6a8f7034e1b3034 -> 7b6cca873491cd3a233deb85e4c0bc15
  custom:scripting/monoscript/fileName/Mainmenu.cs: 2f60e6d990560711ad781ddee9464730 -> acc109f9c9e710534379d56419b0ad46
  custom:video-encoder-webm-vp8: eb34c28f22e8b96e1ab97ce403110664 -> 
  custom:audio-decoder-ogg-vorbis: bf7c407c2cedff20999df2af8eb42d56 -> 
  custom:scripting/monoscript/fileName/SketchfabPlugin.cs: a33b669981ba467355c5da931cd84a2b -> 516f7c272b96363c033bc17962f26f4d
  custom:scripting/monoscript/fileName/sceneload.cs: 5ce9fb469a60c722e148f37800208389 -> 5c0816849d186432ffce5e360c37577f
  custom:scripting/monoscript/fileName/SketchfabUI.cs: 93703fa15254b9bc36851978aeb13d47 -> 713424e062a40db4ff9f340a54a3f75d
  custom:audio-encoder-webm-vorbis: bf7c407c2cedff20999df2af8eb42d56 -> 
  custom:scripting/monoscript/fileName/Optionpopup.cs: 5daa7b9d4e54041591cf9ca9bbb5f701 -> 
========================================================================
Received Prepare
Caller must complete domain reload
Begin MonoManager ReloadAssembly
- Loaded All Assemblies, in  0.603 seconds
Native extension for WindowsStandalone target not found
Native extension for WebGL target not found
[Package Manager] Server::EnsureServerProcessIsRunning -- launch failed, reason: Unity was launched with the -noUpm command-line argument
[Package Manager] UpmClient::Send -- Unable to send message (not connected to UPM process).
[Package Manager] Cannot connect to Unity Package Manager local server
Mono: successfully reloaded assembly
- Finished resetting the current domain, in  1.195 seconds
Domain Reload Profiling: 1796ms
	BeginReloadAssembly (208ms)
		ExecutionOrderSort (0ms)
		DisableScriptedObjects (5ms)
		BackupInstance (0ms)
		ReleaseScriptingObjects (0ms)
		CreateAndSetChildDomain (60ms)
	RebuildCommonClasses (38ms)
	RebuildNativeTypeToScriptingClass (14ms)
	initialDomainReloadingComplete (77ms)
	LoadAllAssembliesAndSetupDomain (264ms)
		LoadAssemblies (350ms)
		RebuildTransferFunctionScriptingTraits (0ms)
		AnalyzeDomain (18ms)
			TypeCache.Refresh (7ms)
				TypeCache.ScanAssembly (0ms)
			ScanForSourceGeneratedMonoScriptInfo (0ms)
			ResolveRequiredComponents (9ms)
	FinalizeReload (1196ms)
		ReleaseScriptCaches (0ms)
		RebuildScriptCaches (0ms)
		SetupLoadedEditorAssemblies (640ms)
			LogAssemblyErrors (0ms)
			InitializePlatformSupportModulesInManaged (12ms)
			SetLoadedEditorAssemblies (6ms)
			RefreshPlugins (0ms)
			BeforeProcessingInitializeOnLoad (72ms)
			ProcessInitializeOnLoadAttributes (513ms)
			ProcessInitializeOnLoadMethodAttributes (30ms)
			AfterProcessingInitializeOnLoad (7ms)
			EditorAssembliesLoaded (0ms)
		ExecutionOrderSort2 (0ms)
		AwakeInstancesAfterBackupRestoration (6ms)
Refreshing native plugins compatible for Editor in 6.36 ms, found 3 plugins.
Preloading 0 native plugins for Editor in 0.00 ms.
Unloading 3674 Unused Serialized files (Serialized files now loaded: 0)
Unloading 18 unused Assets / (101.4 KB). Loaded Objects now: 4393.
Memory consumption went from 137.6 MB to 137.5 MB.
Total: 6.544700 ms (FindLiveObjects: 0.563400 ms CreateObjectMapping: 0.258300 ms MarkObjects: 5.591400 ms  DeleteObjects: 0.129900 ms)

Prepare: number of updated asset objects reloaded= 0
AssetImportParameters requested are different than current active one (requested -> active):
  custom:scripting/monoscript/fileName/SketchfabBrowserManager.cs: 3a3500ade241f197f176172bbd6c2298 -> 58045900bcc0ea9411b0a211696ee59b
  custom:scripting/monoscript/fileName/SketchfabImporter.cs: aced4ec5d355e9bf44c9b4efee9a6b26 -> 9e76ddd789c0c8770617987be20c09cd
  custom:container-demuxer-ogg: 62fdf1f143b41e24485cea50d1cbac27 -> 
  custom:video-codec-MediaFoundation-h265: 746d11721c4dcdbdad8f713fa42b33f4 -> 
  custom:video-decoder-ogg-theora: a1e56fd34408186e4bbccfd4996cb3dc -> 
  custom:scripting/monoscript/fileName/SketchfabImporterWindow.cs: a1111a8d8ba16649668666546449cf3f -> e033d49dd18bd7acecc9a08cbd5e7f64
  custom:scripting/monoscript/fileName/SketchfabApi.cs: 8b7c3f7c6cf17f6decedf77d8f970842 -> d8e25357dbae427805b6693cb23d7b96
  custom:framework-win-MediaFoundation: 216162199b28c13a410421893ffa2e32 -> 
  custom:scripting/monoscript/fileName/Resizer.cs: 1d4b77bbfdbeda3e2b9e62bc1209c924 -> 0d8c9844c44a9da009572f975ba7f40b
  custom:scripting/monoscript/fileName/move_iceberg.cs: 1c523457f0ca469a2f1533fd532025a2 -> 6c4276b0003c31e29ffeaf99cef1cc57
  custom:CustomObjectIndexerAttribute: 9a22284fe3817be447336de3de66b15e -> 
  custom:scripting/monoscript/fileName/SketchfabExporter.cs: 8e8801c81dd390acdb380b6395bc0ba3 -> 193dea1e6554dc5211188980f689acec
  custom:container-demuxer-webm: 4f35f7cbe854078d1ac9338744f61a02 -> 
  custom:scripting/monoscript/fileName/SketchfabModelWindow.cs: 4dc5849476514b01465137f1507f3eeb -> 12e26065952d174d5eab2da2c013d2e1
  custom:scripting/monoscript/fileName/icebergMove.cs: 6c4276b0003c31e29ffeaf99cef1cc57 -> 
  custom:container-muxer-webm: aa71ff27fc2769a1b78a27578f13a17b -> 
  custom:scripting/monoscript/fileName/SketchfabBrowserWindow.cs: c1898a6cd8dd440157cdd96cbbc57313 -> 758c656e608d3a2525b8440f4f2d0726
  custom:video-decoder-webm-vp8: 9c59270c3fd7afecdb556c50c9e8de78 -> 
  custom:SearchIndexIgnoredProperties: e643bd26f0fe6173181afceb89e7c659 -> 
  custom:AudioImporter_EditorPlatform: d09bf68614088b80899f8185d706f6e7 -> 
  custom:scripting/monoscript/fileName/SketchfabLogger.cs: 7105fafd508cda11b6a8f7034e1b3034 -> 7b6cca873491cd3a233deb85e4c0bc15
  custom:scripting/monoscript/fileName/Mainmenu.cs: 2f60e6d990560711ad781ddee9464730 -> acc109f9c9e710534379d56419b0ad46
  custom:video-encoder-webm-vp8: eb34c28f22e8b96e1ab97ce403110664 -> 
  custom:audio-decoder-ogg-vorbis: bf7c407c2cedff20999df2af8eb42d56 -> 
  custom:scripting/monoscript/fileName/SketchfabPlugin.cs: a33b669981ba467355c5da931cd84a2b -> 516f7c272b96363c033bc17962f26f4d
  custom:scripting/monoscript/fileName/sceneload.cs: 5ce9fb469a60c722e148f37800208389 -> 5c0816849d186432ffce5e360c37577f
  custom:scripting/monoscript/fileName/SketchfabUI.cs: 93703fa15254b9bc36851978aeb13d47 -> 713424e062a40db4ff9f340a54a3f75d
  custom:audio-encoder-webm-vorbis: bf7c407c2cedff20999df2af8eb42d56 -> 
  custom:scripting/monoscript/fileName/Optionpopup.cs: 5daa7b9d4e54041591cf9ca9bbb5f701 -> 
